INFO-FLOW: Workspace C:/Users/User/Desktop/UNI/DELFT/Reconfigurable_Computing/LAB/LAB_2/solution2 opened at Sat Dec 16 19:04:01 +0100 2023
Execute     ap_set_clock -name default -period 7 -default=false 
INFO: [SYN 201-201] Setting up clock 'default' with a period of 7ns.
Execute     set_part xc7z020-clg400-1 
Execute       create_platform xc7z020-clg400-1 -board  
DBG:HLSDevice: Trying to load device library: C:/Xilinx/Vitis_HLS/2023.1\lib\win64.o\xv_hlsvwrap.dll
DBG:HLSDevice: first parts/arch.xml in RDI_DATADIR: C:/Xilinx/Vivado/2023.1/data/parts/arch.xml
DBG:HLSDevice: init success
INFO: [HLS 200-1611] Setting target device to 'xc7z020-clg400-1'
Command       create_platform done; 0.609 sec.
Execute       source C:/Xilinx/Vitis_HLS/2023.1/common/technology/xilinx/common/xilinx.gen 
Execute         source C:/Xilinx/Vitis_HLS/2023.1/common/technology/xilinx/interface/plb46.gen 
Execute         source C:/Xilinx/Vitis_HLS/2023.1/common/technology/xilinx/interface/axi4.gen 
Execute         source C:/Xilinx/Vitis_HLS/2023.1/common/technology/xilinx/interface/nativeAXI4.gen 
Execute           source C:/Xilinx/Vitis_HLS/2023.1/common/technology/xilinx/interface/saxilite.gen 
Execute         source C:/Xilinx/Vitis_HLS/2023.1/common/technology/xilinx/scripts/xilinxcoregen.gen 
Execute         source C:/Xilinx/Vitis_HLS/2023.1/common/technology/xilinx/interface/XilEDKCoreGen.gen 
Execute         source C:/Xilinx/Vitis_HLS/2023.1/common/technology/xilinx/ip/dds_compiler.gen 
Execute         source C:/Xilinx/Vitis_HLS/2023.1/common/technology/xilinx/ip/util.gen 
Execute         source C:/Xilinx/Vitis_HLS/2023.1/common/technology/xilinx/ip/xfft.gen 
Command         ap_source done; 0.115 sec.
Execute         source C:/Xilinx/Vitis_HLS/2023.1/common/technology/xilinx/ip/xfir.gen 
Execute         source C:/Xilinx/Vitis_HLS/2023.1/common/technology/xilinx/DSP48/dsp48.gen 
Command       ap_source done; 0.154 sec.
Execute       ap_part_info -name xc7z020-clg400-1 -data info 
Execute       config_compile -quiet -complex-mul-dsp=0 
Command     set_part done; 0.772 sec.
Execute     send_msg_by_id INFO @200-1505@%s%s  vivado 
INFO: [HLS 200-1505] Using flow_target 'vivado'
Execute     send_msg_by_id INFO @200-1464@%s config_export -vivado_clock=7 
INFO: [HLS 200-1464] Running solution command: config_export -vivado_clock=7
Execute     config_export -vivado_clock=7 
Command   open_solution done; 0.919 sec.
Execute   set_part xc7z020-clg400-1 
INFO: [HLS 200-1510] Running: set_part xc7z020-clg400-1 
Execute     create_platform xc7z020-clg400-1 -board  
Execute     source C:/Xilinx/Vitis_HLS/2023.1/common/technology/xilinx/common/xilinx.gen 
Execute       source C:/Xilinx/Vitis_HLS/2023.1/common/technology/xilinx/interface/plb46.gen 
Execute       source C:/Xilinx/Vitis_HLS/2023.1/common/technology/xilinx/interface/axi4.gen 
Execute       source C:/Xilinx/Vitis_HLS/2023.1/common/technology/xilinx/interface/nativeAXI4.gen 
Execute         source C:/Xilinx/Vitis_HLS/2023.1/common/technology/xilinx/interface/saxilite.gen 
Execute       source C:/Xilinx/Vitis_HLS/2023.1/common/technology/xilinx/scripts/xilinxcoregen.gen 
Execute       source C:/Xilinx/Vitis_HLS/2023.1/common/technology/xilinx/interface/XilEDKCoreGen.gen 
Execute       source C:/Xilinx/Vitis_HLS/2023.1/common/technology/xilinx/ip/dds_compiler.gen 
Execute       source C:/Xilinx/Vitis_HLS/2023.1/common/technology/xilinx/ip/util.gen 
Execute       source C:/Xilinx/Vitis_HLS/2023.1/common/technology/xilinx/ip/xfft.gen 
Command       ap_source done; 0.118 sec.
Execute       source C:/Xilinx/Vitis_HLS/2023.1/common/technology/xilinx/ip/xfir.gen 
Execute       source C:/Xilinx/Vitis_HLS/2023.1/common/technology/xilinx/DSP48/dsp48.gen 
Command     ap_source done; 0.156 sec.
Execute     ap_part_info -name xc7z020-clg400-1 -data info 
Execute     config_compile -quiet -complex-mul-dsp=0 
Command   set_part done; 0.171 sec.
Execute   create_clock -period 7 -name default 
INFO: [HLS 200-1510] Running: create_clock -period 7 -name default 
Execute   config_export -vivado_clock 7 
INFO: [HLS 200-1510] Running: config_export -vivado_clock 7 
Execute   source ./LAB_2/solution2/directives.tcl 
INFO: [HLS 200-1510] Running: source ./LAB_2/solution2/directives.tcl
Execute     set_directive_top -name invstripe invstripe 
INFO: [HLS 200-1510] Running: set_directive_top -name invstripe invstripe 
Execute     set_directive_reset invstripe hist 
INFO: [HLS 200-1510] Running: set_directive_reset invstripe hist 
Execute     set_directive_array_partition -dim 1 -type complete invstripe hist 
INFO: [HLS 200-1510] Running: set_directive_array_partition -dim 1 -type complete invstripe hist 
Execute   csynth_design 
INFO: [HLS 200-1510] Running: csynth_design 
INFO-FLOW: Running SLX 'csynth' proc: ::SLX::run_csynth
Execute     elaborate -effort=medium -skip_syncheck=0 -keep_printf=0 -skip_cdt=0 -skip_transform=0 -ng=0 -g=0 -opt_fp=0 -from_csynth_design=1 
INFO: [HLS 200-111] Finished File checks and directory preparation: CPU user time: 0 seconds. CPU system time: 0 seconds. Elapsed time: 0.392 seconds; current allocated memory: 84.727 MB.
Execute       set_directive_top invstripe -name=invstripe 
Execute       source C:/Xilinx/Vitis_HLS/2023.1/tps/tcl/tcllib1.11.1/yaml/huddle.tcl 
Execute       source C:/Xilinx/Vitis_HLS/2023.1/tps/tcl/tcllib1.11.1/yaml/json2huddle.tcl 
Execute         source C:/Xilinx/Vitis_HLS/2023.1/tps/tcl/tcllib1.11.1/try/try.tcl 
INFO: [HLS 200-10] Analyzing design file 'PYNQ-Z2/hls/invstripe.cpp' ... 
INFO-FLOW: Compiling one TU...
INFO-FLOW: Handling PYNQ-Z2/hls/invstripe.cpp as C++
Execute       ap_part_info -name xc7z020-clg400-1 -data info 
INFO-FLOW: Running: GCC PP 39
INFO-FLOW: Source preprocessing
INFO-FLOW: run_clang exec: C:/Xilinx/Vitis_HLS/2023.1/win64/tools/clang-3.9-csynth/bin/clang PYNQ-Z2/hls/invstripe.cpp -foptimization-record-file=C:/Users/User/Desktop/UNI/DELFT/Reconfigurable_Computing/LAB/LAB_2/solution2/.autopilot/db/invstripe.cpp.clang.diag.yml -mllvm -pass-remarks-missed=reflow|pasta|unroll -mllvm -pass-remarks=reflow|pasta|unroll|inline -fno-limit-debug-info --sysroot C:/Xilinx/Vitis_HLS/2023.1/tps/mingw/8.3.0/win64.o/nt -fhls -fno-exceptions -insert-hls-directive=C:/Users/User/Desktop/UNI/DELFT/Reconfigurable_Computing/LAB/LAB_2/solution2/.autopilot/db/all.directive.json -E -fno-math-errno -c -emit-llvm -mllvm -disable-llvm-optzns -Werror=implicit-function-declaration -Werror=implicit-hls-streams -Werror=return-type -Wpragmas -Wunused-parameter -Wdump-hls-pragmas -Wno-error=dump-hls-pragmas -fno-threadsafe-statics -fno-use-cxa-atexit -std=gnu++14 -target fpga64-xilinx-mingw32 -fno-threadsafe-statics -fno-use-cxa-atexit -D__VITIS_HLS__ -DAESL_SYN -D__SYNTHESIS__ -D__HLS_SYN__ -I C:/Xilinx/Vitis_HLS/2023.1/common/technology/autopilot -I C:/Xilinx/Vitis_HLS/2023.1/common/technology/autopilot/ap_sysc -include etc/autopilot_ssdm_op.h -D__DSP48E1__ -I /usr/include/x86_64-linux-gnu -o C:/Users/User/Desktop/UNI/DELFT/Reconfigurable_Computing/LAB/LAB_2/solution2/.autopilot/db/invstripe.pp.0.cpp {-hls-platform-db-name=C:/Xilinx/Vitis_HLS/2023.1/common/technology\xilinx/common/platform.db} -hls-platform-name=zynq_slow -device-resource-info=BRAM_280.000000_DSP_220.000000_FF_106400.000000_LUT_53200.000000_SLICE_13300.000000_URAM_0.000000 -device-name-info=xc7z020clg400-1 > C:/Users/User/Desktop/UNI/DELFT/Reconfigurable_Computing/LAB/LAB_2/solution2/.autopilot/db/invstripe.cpp.clang.out.log 2> C:/Users/User/Desktop/UNI/DELFT/Reconfigurable_Computing/LAB/LAB_2/solution2/.autopilot/db/invstripe.cpp.clang.err.log
INFO-FLOW: Done: GCC PP 39 time: 0.4 seconds per iteration
INFO-FLOW: Source syntax check for synthesis
INFO-FLOW: run_clang exec: C:/Xilinx/Vitis_HLS/2023.1/win64/tools/clang-3.9-csynth/bin/clang -foptimization-record-file=C:/Users/User/Desktop/UNI/DELFT/Reconfigurable_Computing/LAB/LAB_2/solution2/.autopilot/db/clang.diag.yml -mllvm -pass-remarks-missed=reflow|pasta|unroll -mllvm -pass-remarks=reflow|pasta|unroll|inline -fsyntax-only -fhls -target fpga64-xilinx-linux-gnu C:/Users/User/Desktop/UNI/DELFT/Reconfigurable_Computing/LAB/LAB_2/solution2/.autopilot/db/invstripe.pp.0.cpp {-hls-platform-db-name=C:/Xilinx/Vitis_HLS/2023.1/common/technology\xilinx/common/platform.db} -hls-platform-name=zynq_slow -device-resource-info=BRAM_280.000000_DSP_220.000000_FF_106400.000000_LUT_53200.000000_SLICE_13300.000000_URAM_0.000000 -device-name-info=xc7z020clg400-1 > C:/Users/User/Desktop/UNI/DELFT/Reconfigurable_Computing/LAB/LAB_2/solution2/.autopilot/db/clang.out.log 2> C:/Users/User/Desktop/UNI/DELFT/Reconfigurable_Computing/LAB/LAB_2/solution2/.autopilot/db/clang.err.log
Execute       clang_tidy xilinx-systemc-detector -desc systemc-detector C:/Users/User/Desktop/UNI/DELFT/Reconfigurable_Computing/LAB/LAB_2/solution2/.autopilot/db/invstripe.pp.0.cpp std=gnu++14 -target fpga  -directive=C:/Users/User/Desktop/UNI/DELFT/Reconfigurable_Computing/LAB/LAB_2/solution2/.autopilot/db/.systemc_flag 
INFO-FLOW: exec C:/Xilinx/Vitis_HLS/2023.1/win64/tools/clang-3.9-csynth/bin/clang-tidy -header-filter=.* --checks=-*,xilinx-systemc-detector -import-directive=C:/Users/User/Desktop/UNI/DELFT/Reconfigurable_Computing/LAB/LAB_2/solution2/.autopilot/db/.systemc_flag -fix-errors C:/Users/User/Desktop/UNI/DELFT/Reconfigurable_Computing/LAB/LAB_2/solution2/.autopilot/db/invstripe.pp.0.cpp -- -std=gnu++14 -target fpga -fhls -ferror-limit=0
Command       clang_tidy done; 0.676 sec.
INFO-FLOW: Running: clang-tidy CDT preprocess 39
Execute       clang_tidy xilinx-directive2pragma -desc directive2pragma C:/Users/User/Desktop/UNI/DELFT/Reconfigurable_Computing/LAB/LAB_2/solution2/.autopilot/db/invstripe.pp.0.cpp std=gnu++14 -target fpga  -directive=C:/Users/User/Desktop/UNI/DELFT/Reconfigurable_Computing/LAB/LAB_2/solution2/.autopilot/db/all.directive.json 
INFO-FLOW: exec C:/Xilinx/Vitis_HLS/2023.1/win64/tools/clang-3.9-csynth/bin/clang-tidy -header-filter=.* --checks=-*,xilinx-directive2pragma -import-directive=C:/Users/User/Desktop/UNI/DELFT/Reconfigurable_Computing/LAB/LAB_2/solution2/.autopilot/db/all.directive.json -fix-errors C:/Users/User/Desktop/UNI/DELFT/Reconfigurable_Computing/LAB/LAB_2/solution2/.autopilot/db/invstripe.pp.0.cpp -- -std=gnu++14 -target fpga -fhls -ferror-limit=0
Command       clang_tidy done; 1.061 sec.
INFO-FLOW: Done: clang-tidy CDT preprocess 39 time: 1.1 seconds per iteration
INFO-FLOW: Calling xilinx-label-all-loops ... 
INFO-FLOW: Calling xilinx-aggregate-on-hls-vector ... 
Execute       clang_tidy -errorcheck -desc loop-label xilinx-label-all-loops,xilinx-aggregate-on-hls-vector,,xilinx-warn-mayneed-no-ctor-attribute C:/Users/User/Desktop/UNI/DELFT/Reconfigurable_Computing/LAB/LAB_2/solution2/.autopilot/db/invstripe.pp.0.cpp std=gnu++14 -target fpga  
INFO-FLOW: run_clang exec: C:/Xilinx/Vitis_HLS/2023.1/win64/tools/clang-3.9-csynth/bin/clang-tidy -export-fixes=C:/Users/User/Desktop/UNI/DELFT/Reconfigurable_Computing/LAB/LAB_2/solution2/.autopilot/db/invstripe.pp.0.cpp.clang-tidy.loop-label.diag.yml -header-filter=.* --checks=-*,xilinx-label-all-loops,xilinx-aggregate-on-hls-vector,,xilinx-warn-mayneed-no-ctor-attribute -fix-errors C:/Users/User/Desktop/UNI/DELFT/Reconfigurable_Computing/LAB/LAB_2/solution2/.autopilot/db/invstripe.pp.0.cpp -- -std=gnu++14 -target fpga -fhls -ferror-limit=0 > C:/Users/User/Desktop/UNI/DELFT/Reconfigurable_Computing/LAB/LAB_2/solution2/.autopilot/db/invstripe.pp.0.cpp.clang-tidy.loop-label.out.log 2> C:/Users/User/Desktop/UNI/DELFT/Reconfigurable_Computing/LAB/LAB_2/solution2/.autopilot/db/invstripe.pp.0.cpp.clang-tidy.loop-label.err.log
Execute         source C:/Xilinx/Vitis_HLS/2023.1/tps/tcl/tcllib1.11.1/yaml/yaml.tcl 
Command       clang_tidy done; 1.206 sec.
INFO-FLOW: run_clang exec: C:/Xilinx/Vitis_HLS/2023.1/win64/tools/clang-3.9-csynth/bin/xilinx-dataflow-lawyer -export-fixes=C:/Users/User/Desktop/UNI/DELFT/Reconfigurable_Computing/LAB/LAB_2/solution2/.autopilot/db/invstripe.pp.0.cpp.xilinx-dataflow-lawyer.diag.yml C:/Users/User/Desktop/UNI/DELFT/Reconfigurable_Computing/LAB/LAB_2/solution2/.autopilot/db/invstripe.pp.0.cpp -- -std=gnu++14 -target fpga -fhls -ferror-limit=0 -fstrict-dataflow > C:/Users/User/Desktop/UNI/DELFT/Reconfigurable_Computing/LAB/LAB_2/solution2/.autopilot/db/invstripe.pp.0.cpp.xilinx-dataflow-lawyer.out.log 2> C:/Users/User/Desktop/UNI/DELFT/Reconfigurable_Computing/LAB/LAB_2/solution2/.autopilot/db/invstripe.pp.0.cpp.xilinx-dataflow-lawyer.err.log
Execute       ap_part_info -name xc7z020-clg400-1 -data info 
INFO-FLOW: compiling source code to llvm bc
INFO-FLOW: run_clang exec: C:/Xilinx/Vitis_HLS/2023.1/win64/tools/clang-3.9-csynth/bin/clang -foptimization-record-file=C:/Users/User/Desktop/UNI/DELFT/Reconfigurable_Computing/LAB/LAB_2/solution2/.autopilot/db/invstripe.pp.0.cpp.clang.diag.yml -mllvm -pass-remarks-missed=reflow|pasta|unroll -mllvm -pass-remarks=reflow|pasta|unroll|inline -fno-limit-debug-info -fhls -flto -fno-exceptions -Wno-error=c++11-narrowing C:/Users/User/Desktop/UNI/DELFT/Reconfigurable_Computing/LAB/LAB_2/solution2/.autopilot/db/invstripe.pp.0.cpp -fno-math-errno -c -emit-llvm -mllvm -disable-llvm-optzns -Werror=implicit-function-declaration -Werror=implicit-hls-streams -Werror=return-type -Wpragmas -Wunused-parameter -Wdump-hls-pragmas -Wno-error=dump-hls-pragmas -fno-threadsafe-statics -fno-use-cxa-atexit -std=gnu++14 -target fpga64-xilinx-linux-gnu -D__VITIS_HLS__ -DAESL_SYN -D__SYNTHESIS__ -D__HLS_SYN__ -I C:/Xilinx/Vitis_HLS/2023.1/common/technology/autopilot -I C:/Xilinx/Vitis_HLS/2023.1/common/technology/autopilot/ap_sysc -include etc/autopilot_ssdm_op.h -D__DSP48E1__ -g -o C:/Users/User/Desktop/UNI/DELFT/Reconfigurable_Computing/LAB/LAB_2/solution2/.autopilot/db/invstripe.bc {-hls-platform-db-name=C:/Xilinx/Vitis_HLS/2023.1/common/technology\xilinx/common/platform.db} -hls-platform-name=zynq_slow -device-resource-info=BRAM_280.000000_DSP_220.000000_FF_106400.000000_LUT_53200.000000_SLICE_13300.000000_URAM_0.000000 -device-name-info=xc7z020clg400-1 > C:/Users/User/Desktop/UNI/DELFT/Reconfigurable_Computing/LAB/LAB_2/solution2/.autopilot/db/invstripe.pp.0.cpp.clang.out.log 2> C:/Users/User/Desktop/UNI/DELFT/Reconfigurable_Computing/LAB/LAB_2/solution2/.autopilot/db/invstripe.pp.0.cpp.clang.err.log
WARNING: [HLS 207-5292] unused parameter 'frame' (PYNQ-Z2/hls/invstripe.cpp:170:56)
INFO: [HLS 200-111] Finished Source Code Analysis and Preprocessing: CPU user time: 0 seconds. CPU system time: 0 seconds. Elapsed time: 5.978 seconds; current allocated memory: 87.184 MB.
INFO-FLOW: Linking Debug ...
INFO-FLOW: Linking dut bc code.
Execute       run_link_or_opt -out C:/Users/User/Desktop/UNI/DELFT/Reconfigurable_Computing/LAB/LAB_2/solution2/.autopilot/db/a.g.ld.0.bc -args  "C:/Users/User/Desktop/UNI/DELFT/Reconfigurable_Computing/LAB/LAB_2/solution2/.autopilot/db/invstripe.g.bc"  
INFO-FLOW: run_clang exec: C:/Xilinx/Vitis_HLS/2023.1/win64/tools/clang-3.9-csynth/bin/llvm-link C:/Users/User/Desktop/UNI/DELFT/Reconfigurable_Computing/LAB/LAB_2/solution2/.autopilot/db/invstripe.g.bc -o C:/Users/User/Desktop/UNI/DELFT/Reconfigurable_Computing/LAB/LAB_2/solution2/.autopilot/db/a.g.ld.0.bc > C:/Users/User/Desktop/UNI/DELFT/Reconfigurable_Computing/LAB/LAB_2/solution2/.autopilot/db/a.g.ld.0.bc.llvm-link.out.log 2> C:/Users/User/Desktop/UNI/DELFT/Reconfigurable_Computing/LAB/LAB_2/solution2/.autopilot/db/a.g.ld.0.bc.llvm-link.err.log
INFO-FLOW: 
Execute       run_link_or_opt -opt -out C:/Users/User/Desktop/UNI/DELFT/Reconfigurable_Computing/LAB/LAB_2/solution2/.autopilot/db/a.g.ld.1.lower.bc -args C:/Users/User/Desktop/UNI/DELFT/Reconfigurable_Computing/LAB/LAB_2/solution2/.autopilot/db/a.g.ld.0.bc -reflow-lower-math-intrinsics 
INFO-FLOW: run_clang exec: C:/Xilinx/Vitis_HLS/2023.1/win64/tools/clang-3.9-csynth/bin/opt -pass-remarks-missed=reflow|pasta|unroll -pass-remarks=reflow|pasta|unroll|inline -pass-remarks-output=C:/Users/User/Desktop/UNI/DELFT/Reconfigurable_Computing/LAB/LAB_2/solution2/.autopilot/db/a.g.ld.1.lower.bc.opt.diag.yml C:/Users/User/Desktop/UNI/DELFT/Reconfigurable_Computing/LAB/LAB_2/solution2/.autopilot/db/a.g.ld.0.bc -reflow-lower-math-intrinsics -o C:/Users/User/Desktop/UNI/DELFT/Reconfigurable_Computing/LAB/LAB_2/solution2/.autopilot/db/a.g.ld.1.lower.bc > C:/Users/User/Desktop/UNI/DELFT/Reconfigurable_Computing/LAB/LAB_2/solution2/.autopilot/db/a.g.ld.1.lower.bc.opt.out.log 2> C:/Users/User/Desktop/UNI/DELFT/Reconfigurable_Computing/LAB/LAB_2/solution2/.autopilot/db/a.g.ld.1.lower.bc.opt.err.log
INFO-FLOW: 
INFO-FLOW: Running: gen_design_size_report post-opt
INFO-FLOW: Done: gen_design_size_report post-opt time: 0 seconds per iteration
INFO-FLOW: Linking math bc lib
Execute       run_link_or_opt -out C:/Users/User/Desktop/UNI/DELFT/Reconfigurable_Computing/LAB/LAB_2/solution2/.autopilot/db/a.g.ld.2.m1.bc -args C:/Users/User/Desktop/UNI/DELFT/Reconfigurable_Computing/LAB/LAB_2/solution2/.autopilot/db/a.g.ld.1.lower.bc -only-needed C:/Xilinx/Vitis_HLS/2023.1/win64/lib/libhlsm_39.bc C:/Xilinx/Vitis_HLS/2023.1/win64/lib/libhlsmc++_39.bc 
INFO-FLOW: run_clang exec: C:/Xilinx/Vitis_HLS/2023.1/win64/tools/clang-3.9-csynth/bin/llvm-link C:/Users/User/Desktop/UNI/DELFT/Reconfigurable_Computing/LAB/LAB_2/solution2/.autopilot/db/a.g.ld.1.lower.bc -only-needed C:/Xilinx/Vitis_HLS/2023.1/win64/lib/libhlsm_39.bc C:/Xilinx/Vitis_HLS/2023.1/win64/lib/libhlsmc++_39.bc -o C:/Users/User/Desktop/UNI/DELFT/Reconfigurable_Computing/LAB/LAB_2/solution2/.autopilot/db/a.g.ld.2.m1.bc > C:/Users/User/Desktop/UNI/DELFT/Reconfigurable_Computing/LAB/LAB_2/solution2/.autopilot/db/a.g.ld.2.m1.bc.llvm-link.out.log 2> C:/Users/User/Desktop/UNI/DELFT/Reconfigurable_Computing/LAB/LAB_2/solution2/.autopilot/db/a.g.ld.2.m1.bc.llvm-link.err.log
INFO-FLOW: 
Command       run_link_or_opt done; 2.293 sec.
Execute       run_link_or_opt -opt -out C:/Users/User/Desktop/UNI/DELFT/Reconfigurable_Computing/LAB/LAB_2/solution2/.autopilot/db/a.g.ld.3.fpc.bc -args C:/Users/User/Desktop/UNI/DELFT/Reconfigurable_Computing/LAB/LAB_2/solution2/.autopilot/db/a.g.ld.2.m1.bc -reflow-globaldce -hls-top-function-name=invstripe -reflow-float-conversion 
INFO-FLOW: run_clang exec: C:/Xilinx/Vitis_HLS/2023.1/win64/tools/clang-3.9-csynth/bin/opt -pass-remarks-missed=reflow|pasta|unroll -pass-remarks=reflow|pasta|unroll|inline -pass-remarks-output=C:/Users/User/Desktop/UNI/DELFT/Reconfigurable_Computing/LAB/LAB_2/solution2/.autopilot/db/a.g.ld.3.fpc.bc.opt.diag.yml C:/Users/User/Desktop/UNI/DELFT/Reconfigurable_Computing/LAB/LAB_2/solution2/.autopilot/db/a.g.ld.2.m1.bc -reflow-globaldce -hls-top-function-name=invstripe -reflow-float-conversion -o C:/Users/User/Desktop/UNI/DELFT/Reconfigurable_Computing/LAB/LAB_2/solution2/.autopilot/db/a.g.ld.3.fpc.bc > C:/Users/User/Desktop/UNI/DELFT/Reconfigurable_Computing/LAB/LAB_2/solution2/.autopilot/db/a.g.ld.3.fpc.bc.opt.out.log 2> C:/Users/User/Desktop/UNI/DELFT/Reconfigurable_Computing/LAB/LAB_2/solution2/.autopilot/db/a.g.ld.3.fpc.bc.opt.err.log
INFO-FLOW: 
INFO-FLOW: Running: gen_design_size_report post-opt
INFO-FLOW: Done: gen_design_size_report post-opt time: 0 seconds per iteration
Command       run_link_or_opt done; 1.095 sec.
Execute       run_link_or_opt -out C:/Users/User/Desktop/UNI/DELFT/Reconfigurable_Computing/LAB/LAB_2/solution2/.autopilot/db/a.g.ld.4.m2.bc -args C:/Users/User/Desktop/UNI/DELFT/Reconfigurable_Computing/LAB/LAB_2/solution2/.autopilot/db/a.g.ld.3.fpc.bc -only-needed C:/Xilinx/Vitis_HLS/2023.1/win64/lib/libfloatconversion_39.bc 
INFO-FLOW: run_clang exec: C:/Xilinx/Vitis_HLS/2023.1/win64/tools/clang-3.9-csynth/bin/llvm-link C:/Users/User/Desktop/UNI/DELFT/Reconfigurable_Computing/LAB/LAB_2/solution2/.autopilot/db/a.g.ld.3.fpc.bc -only-needed C:/Xilinx/Vitis_HLS/2023.1/win64/lib/libfloatconversion_39.bc -o C:/Users/User/Desktop/UNI/DELFT/Reconfigurable_Computing/LAB/LAB_2/solution2/.autopilot/db/a.g.ld.4.m2.bc > C:/Users/User/Desktop/UNI/DELFT/Reconfigurable_Computing/LAB/LAB_2/solution2/.autopilot/db/a.g.ld.4.m2.bc.llvm-link.out.log 2> C:/Users/User/Desktop/UNI/DELFT/Reconfigurable_Computing/LAB/LAB_2/solution2/.autopilot/db/a.g.ld.4.m2.bc.llvm-link.err.log
INFO-FLOW: 
Execute       run_link_or_opt -opt -out C:/Users/User/Desktop/UNI/DELFT/Reconfigurable_Computing/LAB/LAB_2/solution2/.autopilot/db/a.g.ld.5.gdce.bc -args C:/Users/User/Desktop/UNI/DELFT/Reconfigurable_Computing/LAB/LAB_2/solution2/.autopilot/db/a.g.ld.4.m2.bc -reflow-globaldce -hls-top-function-name=invstripe 
INFO-FLOW: run_clang exec: C:/Xilinx/Vitis_HLS/2023.1/win64/tools/clang-3.9-csynth/bin/opt -pass-remarks-missed=reflow|pasta|unroll -pass-remarks=reflow|pasta|unroll|inline -pass-remarks-output=C:/Users/User/Desktop/UNI/DELFT/Reconfigurable_Computing/LAB/LAB_2/solution2/.autopilot/db/a.g.ld.5.gdce.bc.opt.diag.yml C:/Users/User/Desktop/UNI/DELFT/Reconfigurable_Computing/LAB/LAB_2/solution2/.autopilot/db/a.g.ld.4.m2.bc -reflow-globaldce -hls-top-function-name=invstripe -o C:/Users/User/Desktop/UNI/DELFT/Reconfigurable_Computing/LAB/LAB_2/solution2/.autopilot/db/a.g.ld.5.gdce.bc > C:/Users/User/Desktop/UNI/DELFT/Reconfigurable_Computing/LAB/LAB_2/solution2/.autopilot/db/a.g.ld.5.gdce.bc.opt.out.log 2> C:/Users/User/Desktop/UNI/DELFT/Reconfigurable_Computing/LAB/LAB_2/solution2/.autopilot/db/a.g.ld.5.gdce.bc.opt.err.log
INFO-FLOW: 
INFO-FLOW: Running: gen_design_size_report post-opt
INFO-FLOW: Done: gen_design_size_report post-opt time: 0 seconds per iteration
Execute       send_msg_by_id INFO @200-777@%s Vivado 
INFO: [HLS 200-777] Using interface defaults for 'Vivado' flow target.
Execute       is_m_axi_addr64 
INFO-FLOW: Doing LTO.
INFO-FLOW: run_clang exec: C:/Xilinx/Vitis_HLS/2023.1/win64/tools/clang-3.9-csynth/bin/clang -foptimization-record-file=C:/Users/User/Desktop/UNI/DELFT/Reconfigurable_Computing/LAB/LAB_2/solution2/.autopilot/db/a.g.ld.0.bc.clang.reflow.diag.yml -mllvm -pass-remarks-missed=reflow|pasta|unroll -mllvm -pass-remarks=reflow|pasta|unroll|inline -fhls -mllvm -hls-top-function-name=invstripe -mllvm -hls-db-dir -mllvm C:/Users/User/Desktop/UNI/DELFT/Reconfigurable_Computing/LAB/LAB_2/solution2/.autopilot/db -emit-llvm -c -target fpga64-xilinx-none -mllvm -xcl-xmlinfo=C:/Users/User/Desktop/UNI/DELFT/Reconfigurable_Computing/LAB/LAB_2/solution2/.autopilot/db/kernel.internal.xml -mllvm -top-io-mapping-info=C:/Users/User/Desktop/UNI/DELFT/Reconfigurable_Computing/LAB/LAB_2/solution2/.autopilot/db/top-io-fe.xml -mllvm -hls-bitcode-version=3.1 -mllvm -reflow-enable-slave-interface-default-setting=true -mllvm -gen-kernel-xml=false -mllvm -default-maxi-offset=slave -mllvm -maxi-latency=0 -mllvm -hls-maxi-data-size-in-bits=8 -mllvm -hls-maxi-max-data-size-in-bits=1024 -mllvm -hls-max-widen-size-in-bits=0 -mllvm -xcl-kernel-max-mem-ports=0 -mllvm -maxi-read-trans=16 -mllvm -maxi-write-trans=16 -mllvm -maxi-read-burst-len=16 -mllvm -maxi-write-burst-len=16 -mllvm -reflow-enable-saxi-64bits=0 -mllvm -reflow-basic-block-instr-threshold=200000 -mllvm -reflow-auto-pipeline-threshold=64 -mllvm -reflow-enable-maxi-auto-id-channel=0 -mllvm -enable-fp-thr=0 -mllvm -reflow-bdd-simplify-threshold=1024 -mllvm -reflow-fanout-threshold=16 -mllvm -assume-maxi-align=1 -mllvm -reflow-pipeline-style-llvm-setting=2 -mllvm -reflow-enable-dataflow-strict-mode-checking=1 -ftime-report -mllvm -time-passes -mllvm -reflow-auto-array-partition-mode=default -mllvm -reflow-enable-auto-array-partition=true -mllvm -reflow-enable-auto-parallel-performance-driven=true -mllvm -reflow-enable-partition-for-automation=true -mllvm -reflow-aggregate-bitwidth-threshold=4096 -mllvm -reflow-reserved-saxilite-registers=1024 -mllvm -reflow-assume-no-address-wrap=true -mllvm -reflow-enable-occurrence-inference=true -mllvm -hls -mllvm -disable-inlined-alloca-merging=true -mllvm -default-clock-period=7 -x ir C:/Users/User/Desktop/UNI/DELFT/Reconfigurable_Computing/LAB/LAB_2/solution2/.autopilot/db/a.g.ld.5.gdce.bc -o C:/Users/User/Desktop/UNI/DELFT/Reconfigurable_Computing/LAB/LAB_2/solution2/.autopilot/db/a.g.lto.bc {-hls-platform-db-name=C:/Xilinx/Vitis_HLS/2023.1/common/technology\xilinx/common/platform.db} -hls-platform-name=zynq_slow -device-resource-info=BRAM_280.000000_DSP_220.000000_FF_106400.000000_LUT_53200.000000_SLICE_13300.000000_URAM_0.000000 -device-name-info=xc7z020clg400-1 > C:/Users/User/Desktop/UNI/DELFT/Reconfigurable_Computing/LAB/LAB_2/solution2/.autopilot/db/a.g.ld.0.bc.clang.reflow.out.log 2> C:/Users/User/Desktop/UNI/DELFT/Reconfigurable_Computing/LAB/LAB_2/solution2/.autopilot/db/a.g.ld.0.bc.clang.reflow.err.log
INFO: [HLS 214-178] Inlining function 'fp_struct<float>::fp_struct(float)' into 'unsigned char generic_cast_IEEE754<unsigned char, (ap_q_mode)6, float>(float, bool, hls::enable_if<!(std::numeric_limits<unsigned char>::is_signed), bool>::type)' (C:\scratch\2023.1\hls_product\1026\2023.1\src\shared\hls\clib/hlsmath/include/FloatingPoint\hls_case_IEEE754.h:65:0)
INFO: [HLS 214-178] Inlining function 'fp_struct<float>::mantissa() const' into 'unsigned char generic_cast_IEEE754<unsigned char, (ap_q_mode)6, float>(float, bool, hls::enable_if<!(std::numeric_limits<unsigned char>::is_signed), bool>::type)' (C:\scratch\2023.1\hls_product\1026\2023.1\src\shared\hls\clib/hlsmath/include/FloatingPoint\hls_case_IEEE754.h:65:0)
INFO: [HLS 214-178] Inlining function 'fp_struct<float>::expv() const' into 'unsigned char generic_cast_IEEE754<unsigned char, (ap_q_mode)6, float>(float, bool, hls::enable_if<!(std::numeric_limits<unsigned char>::is_signed), bool>::type)' (C:\scratch\2023.1\hls_product\1026\2023.1\src\shared\hls\clib/hlsmath/include/FloatingPoint\hls_case_IEEE754.h:65:0)
INFO: [HLS 214-178] Inlining function 'unsigned char generic_cast_IEEE754<unsigned char, (ap_q_mode)6, float>(float, bool, hls::enable_if<!(std::numeric_limits<unsigned char>::is_signed), bool>::type)' into 'unsigned char generic_cast_IEEE754<unsigned char, float>(float, bool)' (C:\scratch\2023.1\hls_product\1026\2023.1\src\shared\hls\clib/hlsmath/include/FloatingPoint\hls_case_IEEE754.h:116:0)
INFO: [HLS 214-178] Inlining function 'unsigned char generic_cast_IEEE754<unsigned char, float>(float, bool)' into '__hls_fptoui_float_i8' (C:\scratch\2023.1\hls_product\1026\2023.1\src\shared\hls\clib\hlsmath\src\lib_floatconversion.cpp:63:0)
INFO: [HLS 214-178] Inlining function 'fp_struct<float>::fp_struct(float)' into 'unsigned int generic_cast_IEEE754<unsigned int, (ap_q_mode)6, float>(float, bool, hls::enable_if<!(std::numeric_limits<unsigned int>::is_signed), bool>::type)' (C:\scratch\2023.1\hls_product\1026\2023.1\src\shared\hls\clib/hlsmath/include/FloatingPoint\hls_case_IEEE754.h:65:0)
INFO: [HLS 214-178] Inlining function 'fp_struct<float>::mantissa() const' into 'unsigned int generic_cast_IEEE754<unsigned int, (ap_q_mode)6, float>(float, bool, hls::enable_if<!(std::numeric_limits<unsigned int>::is_signed), bool>::type)' (C:\scratch\2023.1\hls_product\1026\2023.1\src\shared\hls\clib/hlsmath/include/FloatingPoint\hls_case_IEEE754.h:65:0)
INFO: [HLS 214-178] Inlining function 'fp_struct<float>::expv() const' into 'unsigned int generic_cast_IEEE754<unsigned int, (ap_q_mode)6, float>(float, bool, hls::enable_if<!(std::numeric_limits<unsigned int>::is_signed), bool>::type)' (C:\scratch\2023.1\hls_product\1026\2023.1\src\shared\hls\clib/hlsmath/include/FloatingPoint\hls_case_IEEE754.h:65:0)
INFO: [HLS 214-178] Inlining function 'unsigned int generic_cast_IEEE754<unsigned int, (ap_q_mode)6, float>(float, bool, hls::enable_if<!(std::numeric_limits<unsigned int>::is_signed), bool>::type)' into 'unsigned int generic_cast_IEEE754<unsigned int, float>(float, bool)' (C:\scratch\2023.1\hls_product\1026\2023.1\src\shared\hls\clib/hlsmath/include/FloatingPoint\hls_case_IEEE754.h:116:0)
INFO: [HLS 214-178] Inlining function 'unsigned int generic_cast_IEEE754<unsigned int, float>(float, bool)' into '__hls_fptoui_float_i32' (C:\scratch\2023.1\hls_product\1026\2023.1\src\shared\hls\clib\hlsmath\src\lib_floatconversion.cpp:65:0)
INFO: [HLS 214-178] Inlining function '__hls_fptoui_float_i32' into 'invstripe(hls::stream<hls::axis<ap_uint<32>, 1ul, 1ul, 1ul>, 0>&, hls::stream<hls::axis<ap_uint<32>, 1ul, 1ul, 1ul>, 0>&, float)' (PYNQ-Z2/hls/invstripe.cpp:20:0)
INFO: [HLS 214-248] Applying array_partition to '_ZZ9invstripeRN3hls6streamINS_4axisI7ap_uintILi32EELm1ELm1ELm1EEELi0EEES6_fE4hist': Complete partitioning on dimension 1. (PYNQ-Z2/hls/invstripe.cpp:29:0)
INFO-FLOW: DBG:PUTS: copy_raw_kernel_xml ap_link_39: kernel.xml not generated: C:/Users/User/Desktop/UNI/DELFT/Reconfigurable_Computing/LAB/LAB_2/solution2/.autopilot/db/kernel.internal.xml
INFO: [HLS 200-111] Finished Compiling Optimization and Transform: CPU user time: 0 seconds. CPU system time: 0 seconds. Elapsed time: 4.743 seconds; current allocated memory: 88.500 MB.
INFO: [HLS 200-111] Finished Checking Pragmas: CPU user time: 0 seconds. CPU system time: 0 seconds. Elapsed time: 0.009 seconds; current allocated memory: 88.500 MB.
Execute       opt_and_import_c a -opt_level=2 -skip_syncheck=0 -ng=0 -keep_printf=0 
Execute         cleanup_all_models 
INFO: [HLS 200-10] Starting code transformations ...
INFO-FLOW: Running Standard Transforms...
Execute         transform -hls -share-std-xform -demangle-name -inline-byval-memcpy -always-inline -promote-dbg-pointer -interface-preproc -mem2reg -scalarrepl -mem2reg -keep-read-access -instcombine -dce -promote-dbg-pointer -bitop-raise -loop-simplify -indvarspre -indvars -loop-simplify -xunroll -constprop -instcombine -simplifycfg -indvars -simplifycfg -dce -globaldce -basicaa -simplifycfg -mem2reg -globalopt -global-constprop -deadargelim -instcombine -simplifycfg -scalarrepl -instcombine -reassociate -licm -simplifycfg -loop-simplify -indvars -instcombine -simplifycfg -mem2reg -loop-simplify -indvars -instcombine -gvn -gvn -instcombine -adce -break-crit-edges -simplifycfg -loop-delete -global-array-opt -dce -dse -adce -find-syn-modules -top invstripe -deadargelim -mem2reg -instcombine -dce -presyn-prepare -auto-rom-infer -interface-preproc -syn-check -check-rec-only -find-region -simplifycfg -func-extr -function-inline -globaldce -mem2reg -instcombine -dce -gvn -globaldce -adce -adse -constprop -instcombine -bit-constprop -instcombine -dce -simplifycfg -bitop-raise -simplifycfg -dce -loop-delete -reassociate -globalopt -global-privatize -mem2reg -dce -global-constprop -pointer-simplify -constprop -dce -auto-shift-reg-idiom -promote-dbg-pointer -norm-name C:/Users/User/Desktop/UNI/DELFT/Reconfigurable_Computing/LAB/LAB_2/solution2/.autopilot/db/a.g.0.bc -o C:/Users/User/Desktop/UNI/DELFT/Reconfigurable_Computing/LAB/LAB_2/solution2/.autopilot/db/a.g.1.bc -f -phase std-opt 
INFO: [HLS 200-111] Finished Standard Transforms: CPU user time: 0 seconds. CPU system time: 1 seconds. Elapsed time: 0.049 seconds; current allocated memory: 95.801 MB.
INFO: [HLS 200-10] Checking synthesizability ...
INFO-FLOW: Checking Synthesizability 1/2..
Execute         transform -hls -syn-check -check-rec-only -scalarrepl -norm-name -dce -mem2reg -instcombine -directive-preproc -mem2reg -dse -dce -auto-rom-infer -dce -pag -array-normalize -instcombine -dce -array-seg-normalize -instcombine -dce -data-pack -instcombine -dce -inst-simplify -array-flatten -instcombine -dce -array-burst -dce -deadargelim -promote-global-argument -simplifycfg -mem2reg -globaldce -dce -deadargelim -dce -instcombine -function-inline -globaldce -dce -doublePtrSimplify -doublePtrElim -dce -doublePtrSimplify -promote-dbg-pointer -dce -scalarrepl -dse -adse -instcombine -ptrLegalization -simplifycfg -dce -instcombine -pointer-simplify -ptrArgReplace -dce -instcombine -resolve-double-ptr -scalarrepl -norm-name -dce -mem2reg -instcombine -ptrLegalization -simplifycfg -deadargelim -instcombine -dce -inst-simplify -directive-preproc -mem2reg -dse -dce -globaldce C:/Users/User/Desktop/UNI/DELFT/Reconfigurable_Computing/LAB/LAB_2/solution2/.autopilot/db/a.g.1.bc -o C:/Users/User/Desktop/UNI/DELFT/Reconfigurable_Computing/LAB/LAB_2/solution2/.autopilot/db/a.g.2.prechk.bc -f 
INFO: [XFORM 203-602] Inlining function '__hls_fptoui_float_i8' into 'invstripe' (PYNQ-Z2/hls/invstripe.cpp:74) automatically.
INFO-FLOW: Checking Synthesizability 2/2..
Execute         transform -syn-check C:/Users/User/Desktop/UNI/DELFT/Reconfigurable_Computing/LAB/LAB_2/solution2/.autopilot/db/a.g.2.prechk.bc -o C:/Users/User/Desktop/UNI/DELFT/Reconfigurable_Computing/LAB/LAB_2/solution2/.autopilot/db/a.g.2.bc -f -phase syn-check 
INFO: [HLS 200-111] Finished Checking Synthesizability: CPU user time: 0 seconds. CPU system time: 0 seconds. Elapsed time: 0.067 seconds; current allocated memory: 99.961 MB.
INFO-FLOW: Compiler optimizing ...
INFO-FLOW: Share syncheck's 1.bc for syn flow: copy C:/Users/User/Desktop/UNI/DELFT/Reconfigurable_Computing/LAB/LAB_2/solution2/.autopilot/db/a.g.1.bc to C:/Users/User/Desktop/UNI/DELFT/Reconfigurable_Computing/LAB/LAB_2/solution2/.autopilot/db/a.o.1.bc
INFO-FLOW: Presyn 1...
Execute         transform -hls -tmp C:/Users/User/Desktop/UNI/DELFT/Reconfigurable_Computing/LAB/LAB_2/solution2/.autopilot/db -interface-port-rename -directive-preproc -mem2reg -dse -dce -scalarrepl -norm-name -deadargelim -mem2reg -instcombine -dce -simplifycfg -auto-rom-infer -dce -resource-proc -clib-intrinsic-prepare -dce -func-buffer -dce -pag -array-normalize -func-legal -instcombine -gvn -constprop -dce -simplifycfg -mem2reg -globaldce -resolve-double-ptr -dce -deadargelim -dce -instcombine -ptrArgReplace -mem2reg -dce -array-seg-normalize -deadargelim -instcombine -dce -directive-preproc -mem2reg -dse -dce -pointer-simplify -dce -port-alignment -dce -interface-preproc -data-pack -instcombine -dce -basicaa -aggr-aa -aggrmodref-aa -aggr-aa -gvn -gvn -basicaa -aggr-aa -aggrmodref-aa -aggr-aa -dse -adse -adce -loop-simplify -indvars -instcombine -gvn -loop-simplify -mem2reg -dce -find-region -instcombine -auto-loop-pipeline -inst-simplify -interface-preproc -cfgopt -instcombine -indvars -auto-loop-unroll -loop-simplify -loop-bound -xunroll -constprop -instcombine -simplifycfg -indvars -simplifycfg -dce -globaldce -clean-region -attach-range -gvn -inst-simplify -constprop -simplifycfg -dce -pointer-simplify -dce -globalopt -constprop -dce -array-promote -scalar-auto-dep-elim -constprop -dce -ptrArgReplace -mem2reg -simplifycfg -dce -instcombine -dce -array-transform-check -array-reshape -instcombine -simplifycfg -dce -ptrArgReplace -deadargelim -mem2reg -instcombine -simplifycfg -dce -indvars -loop-simplify -loop-bound -xunroll -constprop -instcombine -simplifycfg -indvars -simplifycfg -dce -globaldce -basicaa -aggr-aa -aggrmodref-aa -aggr-aa -dse -duplicate-dataflow-processes -globaldce -instcombine -array-partition -prepare-dynamic-array-partition -instcombine -simplifycfg -dce -ptrArgReplace -global-constprop -deadargelim -mem2reg -func-legal -dce -global-constprop -deadargelim -mem2reg -simplifycfg -dce -merge-param -deadargelim -globalopt -constprop -dce -array-promote -scalar-auto-dep-elim -constprop -dce -ptrArgReplace -mem2reg -simplifycfg -dce -mem-intrinsic-preproc -dce -global-internalize -global-privatize -mem2reg -globaldce -promote-global-argument -ptrArgReplace -mem2reg -dce -globalopt -mergereturn -simplify-global-access -mem2reg -dce -pointer-simplify -dce -functionattrs -basicaa -aggr-aa -aggrmodref-aa -aggr-aa -gvn -gvn -basicaa -aggr-aa -aggrmodref-aa -aggr-aa -dse -adse -adce -dce -norm-name -basicaa -aggr-aa -aggrmodref-aa -aggr-aa -accesses-merge -function-inline -complex-op-raise -inst-simplify -globaldce -func-legal -dce -loop-bound -arraycheck -bitwidthmin2 -bitwidthmin2 -on-by-dataflow -loop-delete -instcombine -simplifycfg -globaldce -dce -gvn -deadargelim -dce -loop-simplify -clean-region -simplifycfg -propagate-stable-arguments -loop-stream -instcombine -simplifycfg -dce -globaldce -duplicate-dataflow-processes -stream-intrinsic-preproc -dce -check-ap-stream -loop-simplify -eliminate-keepreads -extract-dataflow-in-loop -loop-simplify -dce -gvn -deadargelim -dse -duplicate-dataflow-processes -check-dataflow-syntax -legalize-stream-variable -globaldce -legalize-global -extract-subproc -dce -dead-channel-elimination -canonicalize-gep -globaldce -dce -gvn -hls-dead-arg-elim -deadargelim -directive-preproc -canonicalize-dataflow -dce -globaldce -scalar-preprocessing -scalar-propagation2 -deadargelim -globaldce -mem2reg -check-dataflow-channels -function-stream -dce -globaldce -prop-fifo-spec -internal-stream-gen -canonicalize-gep -globaldce -dce -gvn -deadargelim -mergereturn -indvars -loop-simplify -instcombine -array-stream -array-seg-normalize -array-partition -func-legal -instcombine -simplifycfg -dce -bundle-memfifo-ops -deadargelim -directive-preproc -mem2reg -dse -dce -group-axi-access -licm -simplifycfg -dce -loop-delete -hls-display -norm-name C:/Users/User/Desktop/UNI/DELFT/Reconfigurable_Computing/LAB/LAB_2/solution2/.autopilot/db/a.o.1.bc -o C:/Users/User/Desktop/UNI/DELFT/Reconfigurable_Computing/LAB/LAB_2/solution2/.autopilot/db/a.o.1.tmp.bc -f 
INFO: [XFORM 203-602] Inlining function '__hls_fptoui_float_i8' into 'invstripe' (PYNQ-Z2/hls/invstripe.cpp:74) automatically.
Command         transform done; 0.139 sec.
INFO-FLOW: Presyn 2...
Execute         transform -hls -keep-callgraph -scalarrepl -mem2reg -port-alignment -attach-range -dce -pipe-mux-gen -indvars -loop-bound -inst-simplify -instcombine -dce -merge-array-access -mem2reg -dce -clean-region -mergereturn -if-conv -instcombine -dce -constprop -basicaa -aggr-aa -aggrmodref-aa -aggr-aa -gvn -gvn -basicaa -aggr-aa -aggrmodref-aa -aggr-aa -dse -adse -adce -scalarrepl -mem2reg -global-constprop -deadargelim -deadargelim -instcombine -dce -simplifycfg -ptrArgReplace -mem2reg -function-inline -globaldce -mem2reg -instcombine -dce -expr-balance -instcombine -dce -bitwidthmin2 -bitwidthmin2 -interface-preproc -directive-preproc -inst-rectify -instcombine -dce -functionattrs -constprop -instcombine -bit-constprop -simplify-global-access -globalopt -globaldce -inst-simplify -instcombine -elimdeaddata -dce -loop-delete -simplifycfg -loop-simplify -barrier -norm-name C:/Users/User/Desktop/UNI/DELFT/Reconfigurable_Computing/LAB/LAB_2/solution2/.autopilot/db/a.o.1.tmp.bc -o C:/Users/User/Desktop/UNI/DELFT/Reconfigurable_Computing/LAB/LAB_2/solution2/.autopilot/db/a.o.2.bc -f -phase presyn 
INFO: [XFORM 203-401] Performing if-conversion on hyperblock from (PYNQ-Z2/hls/invstripe.cpp:68:4) to (PYNQ-Z2/hls/invstripe.cpp:82:3) in function 'invstripe'... converting 10 basic blocks.
INFO: [HLS 200-111] Finished Loop, function and other optimizations: CPU user time: 1 seconds. CPU system time: 0 seconds. Elapsed time: 0.22 seconds; current allocated memory: 124.695 MB.
INFO-FLOW: Building ssdm...
Execute         transform -hls -auto-function-inline -globaldce -ptrArgReplace -mem2reg -dce -reset-lda -loop-simplify -indvars -aggr-aa -licm -loop-dep -loop-bound -licm -loop-simplify -loop-sink-hoist -flattenloopnest -array-flatten -gvn -instcombine -dce -array-map -dce -func-legal -gvn -adce -instcombine -cfgopt -simplifycfg-lite -loop-simplify -array-burst -promote-global-argument -dce -array-seg-normalize -basicaa -aggrmodref-aa -globalsmodref-aa -aggr-aa -gvn -gvn -basicaa -aggrmodref-aa -globalsmodref-aa -aggr-aa -dse -adse -adce -licm -inst-simplify -dce -globaldce -instcombine -array-stream -eliminate-keepreads -instcombine -dce -deadargelim -doublePtrSimplify -doublePtrElim -dce -doublePtrSimplify -promote-dbg-pointer -dce -scalarrepl -mem2reg -norm-name -mem2reg -instcombine -dse -adse -adce -ptrLegalization -dce -auto-rom-infer -array-flatten -dce -instcombine -check-doubleptr -loop-rot -constprop -cfgopt -simplifycfg-lite -loop-simplify -indvars -pointer-simplify -dce -loop-bound -loop-simplify -loop-preproc -constprop -global-constprop -gvn -mem2reg -instcombine -dce -loop-bound -loop-merge -dce -deadargelim -dce -canonicalize-dataflow -dce -deadargelim -globaldce -mem2reg -bram-byte-enable -load-elim -read-loop-dep -loop-simplify -loop-extract-inner -directive-preproc -bitwidthmin2 -bitwidthmin2 -read-loop-dep -interface-preproc -directive-preproc -interface-gen -bram-byte-enable-spec-prop -deadargelim -inst-simplify -dce -gvn -mem2reg -instcombine -dce -adse -loop-bound -instcombine -cfgopt -simplifycfg-lite -loop-simplify -clean-region -io-protocol -find-region -mem2reg -bitop-raise -complex-op-raise -inst-simplify -inst-rectify -instcombine -adce -deadargelim -float-op-raise -loop-simplify -phi-opt -bitop-raise -cfgopt -simplifycfg-lite -strip-dead-prototypes -interface-lower -bitop-lower -intrinsic-lower -auto-function-inline -basicaa -aggrmodref-aa -globalsmodref-aa -aggr-aa -inst-simplify -simplifycfg-lite -loop-simplify -mergereturn -inst-simplify -inst-rectify -globaldce -dce -load-elim -bitop-lower -float-op-raise -fma-raise -loop-rewind -pointer-simplify -dce -cfgopt -dce -loop-bound -loop-dep -read-loop-dep -dce -dyn-mem-reuse -dce -recurrence-min -dce -share-scalar-alloca -deadargelim -dce -check-stream -norm-name -legalize -validate-dataflow -inst-clarity -bitwidth -dce -dump-loop-dep-to-ir -check-all-ssdm -dump-complexity-metric -cdfg-build C:/Users/User/Desktop/UNI/DELFT/Reconfigurable_Computing/LAB/LAB_2/solution2/.autopilot/db/a.o.2.bc -o C:/Users/User/Desktop/UNI/DELFT/Reconfigurable_Computing/LAB/LAB_2/solution2/.autopilot/db/a.o.3.bc -f -phase build-ssdm 
Execute           auto_get_db
Command         transform done; 0.141 sec.
INFO: [HLS 200-111] Finished Architecture Synthesis: CPU user time: 0 seconds. CPU system time: 0 seconds. Elapsed time: 0.142 seconds; current allocated memory: 124.910 MB.
INFO-FLOW: Finish building internal data model.
Command       opt_and_import_c done; 0.484 sec.
Command     elaborate done; 11.429 sec.
Execute     ap_eval exec zip -j C:/Users/User/Desktop/UNI/DELFT/Reconfigurable_Computing/LAB/LAB_2/solution2/.autopilot/db/dut.hcp $dbDir/a.o.3.bc $dbDir/${topname}.rtl_wrap.cfg.tcl $dbDir/apatb_${topname}.cpp $dbDir/apatb_${topname}_util.cpp $dbDir/apatb_${topname}_ir.ll $dbDir/mapper_${topname}.cpp $dbDir/top-io-fe.xml $dbDir/kernel.internal.xml $workdir/../hls.app 
Execute     autosyn -from_csynth_design=1 
INFO: [HLS 200-10] Starting hardware synthesis ...
INFO-FLOW: Synthesizing C/C++ design ...
INFO: [HLS 200-10] Synthesizing 'invstripe' ...
Execute       ap_set_top_model invstripe 
Execute       get_model_list invstripe -filter all-wo-channel -topdown 
Execute       preproc_iomode -model invstripe 
Execute       get_model_list invstripe -filter all-wo-channel 
INFO-FLOW: Model list for configure: invstripe
INFO-FLOW: Configuring Module : invstripe ...
Execute       set_default_model invstripe 
Execute       apply_spec_resource_limit invstripe 
INFO-FLOW: Model list for preprocess: invstripe
INFO-FLOW: Preprocessing Module: invstripe ...
Execute       set_default_model invstripe 
Execute       cdfg_preprocess -model invstripe 
Execute       rtl_gen_preprocess invstripe 
INFO-FLOW: Model list for synthesis: invstripe
INFO: [HLS 200-10] ----------------------------------------------------------------
INFO: [HLS 200-42] -- Implementing module 'invstripe' 
INFO: [HLS 200-10] ----------------------------------------------------------------
Execute       set_default_model invstripe 
Execute       schedule -model invstripe 
INFO: [SCHED 204-11] Starting scheduling ...
INFO: [SCHED 204-61] Pipelining function 'invstripe'.
WARNING: [HLS 200-880] The II Violation in module 'invstripe' (function 'invstripe'): Unable to enforce a carried dependence constraint (II = 1, distance = 1, offset = 1) between 'store' operation ('invstripe_stream_stream_axis_ap_uint_32_1ul_1ul_1ul_0_float_hist_addr_write_ln68', PYNQ-Z2/hls/invstripe.cpp:68) of variable 'add_ln68', PYNQ-Z2/hls/invstripe.cpp:68 on array 'invstripe_stream_stream_axis_ap_uint_32_1ul_1ul_1ul_0_float_hist' and 'load' operation ('invstripe_stream_stream_axis_ap_uint_32_1ul_1ul_1ul_0_float_hist_load', PYNQ-Z2/hls/invstripe.cpp:68) on array 'invstripe_stream_stream_axis_ap_uint_32_1ul_1ul_1ul_0_float_hist'.
WARNING: [HLS 200-880] The II Violation in module 'invstripe' (function 'invstripe'): Unable to enforce a carried dependence constraint (II = 2, distance = 1, offset = 1) between 'store' operation ('invstripe_stream_stream_axis_ap_uint_32_1ul_1ul_1ul_0_float_hist_addr_3_write_ln148', PYNQ-Z2/hls/invstripe.cpp:148) of constant 0 on array 'invstripe_stream_stream_axis_ap_uint_32_1ul_1ul_1ul_0_float_hist' and 'load' operation ('invstripe_stream_stream_axis_ap_uint_32_1ul_1ul_1ul_0_float_hist_load', PYNQ-Z2/hls/invstripe.cpp:68) on array 'invstripe_stream_stream_axis_ap_uint_32_1ul_1ul_1ul_0_float_hist'.
WARNING: [HLS 200-880] The II Violation in module 'invstripe' (function 'invstripe'): Unable to enforce a carried dependence constraint (II = 3, distance = 1, offset = 0) between 'load' operation ('invstripe_stream_stream_axis_ap_uint_32_1ul_1ul_1ul_0_float_hist_2_load_2', PYNQ-Z2/hls/invstripe.cpp:103) on array 'invstripe_stream_stream_axis_ap_uint_32_1ul_1ul_1ul_0_float_hist_2' and 'store' operation ('invstripe_stream_stream_axis_ap_uint_32_1ul_1ul_1ul_0_float_hist_2_addr_write_ln70', PYNQ-Z2/hls/invstripe.cpp:70) of variable 'add_ln70', PYNQ-Z2/hls/invstripe.cpp:70 on array 'invstripe_stream_stream_axis_ap_uint_32_1ul_1ul_1ul_0_float_hist_2'.
WARNING: [HLS 200-880] The II Violation in module 'invstripe' (function 'invstripe'): Unable to enforce a carried dependence constraint (II = 4, distance = 1, offset = 0) between 'load' operation ('invstripe_stream_stream_axis_ap_uint_32_1ul_1ul_1ul_0_float_hist_2_load_2', PYNQ-Z2/hls/invstripe.cpp:103) on array 'invstripe_stream_stream_axis_ap_uint_32_1ul_1ul_1ul_0_float_hist_2' and 'store' operation ('invstripe_stream_stream_axis_ap_uint_32_1ul_1ul_1ul_0_float_hist_2_addr_write_ln70', PYNQ-Z2/hls/invstripe.cpp:70) of variable 'add_ln70', PYNQ-Z2/hls/invstripe.cpp:70 on array 'invstripe_stream_stream_axis_ap_uint_32_1ul_1ul_1ul_0_float_hist_2'.
WARNING: [HLS 200-885] The II Violation in module 'invstripe' (function 'invstripe'): Unable to schedule 'store' operation ('invstripe_stream_stream_axis_ap_uint_32_1ul_1ul_1ul_0_float_hist_2_addr_4_write_ln144', PYNQ-Z2/hls/invstripe.cpp:144) of constant 0 on array 'invstripe_stream_stream_axis_ap_uint_32_1ul_1ul_1ul_0_float_hist_2' due to limited memory ports (II = 19). Please consider using a memory core with more ports or partitioning the array 'invstripe_stream_stream_axis_ap_uint_32_1ul_1ul_1ul_0_float_hist_2'.
INFO: [HLS 200-1470] Pipelining result : Target II = 1, Final II = 20, Depth = 44, function 'invstripe'
WARNING: [HLS 200-871] Estimated clock period (7.394 ns) exceeds the target (target clock period: 7.000 ns, clock uncertainty: 1.890 ns, effective delay budget: 5.110 ns).
WARNING: [HLS 200-1016] The critical path in module 'invstripe' consists of the following:
	'load' operation ('invstripe_stream_stream_axis_ap_uint_32_1ul_1ul_1ul_0_float_hist_2_load_1', PYNQ-Z2/hls/invstripe.cpp:89) on array 'invstripe_stream_stream_axis_ap_uint_32_1ul_1ul_1ul_0_float_hist_2' [219]  (3.254 ns)
	'icmp' operation ('icmp_ln89', PYNQ-Z2/hls/invstripe.cpp:89) [220]  (2.552 ns)
	multiplexor before 'phi' operation ('empty_19', PYNQ-Z2/hls/invstripe.cpp:89) with incoming values : ('max_load', PYNQ-Z2/hls/invstripe.cpp:89) ('invstripe_stream_stream_axis_ap_uint_32_1ul_1ul_1ul_0_float_hist_2_load_1', PYNQ-Z2/hls/invstripe.cpp:89) [226]  (1.588 ns)

INFO: [SCHED 204-11] Finished scheduling.
Command       schedule done; 1.516 sec.
INFO: [HLS 200-111] Finished Scheduling: CPU user time: 1 seconds. CPU system time: 0 seconds. Elapsed time: 1.602 seconds; current allocated memory: 130.230 MB.
Execute       syn_report -verbosereport -o C:/Users/User/Desktop/UNI/DELFT/Reconfigurable_Computing/LAB/LAB_2/solution2/.autopilot/db/invstripe.verbose.sched.rpt 
Execute         list_part -family xc7z020-clg400-1 
Execute           ap_family_info -name xc7z020-clg400-1 -data names 
Execute           ap_part_info -quiet -name xc7z020-clg400-1 -data family 
Command       syn_report done; 0.468 sec.
Execute       db_write -o C:/Users/User/Desktop/UNI/DELFT/Reconfigurable_Computing/LAB/LAB_2/solution2/.autopilot/db/invstripe.sched.adb -f 
INFO-FLOW: Finish scheduling invstripe.
Execute       set_default_model invstripe 
Execute       bind -model invstripe 
INFO: [BIND 205-100] Starting micro-architecture generation ...
INFO: [BIND 205-101] Performing variable lifetime analysis.
INFO: [BIND 205-101] Exploring resource sharing.
INFO: [BIND 205-101] Binding ...
INFO: [BIND 205-100] Finished micro-architecture generation.
Command       bind done; 0.203 sec.
INFO: [HLS 200-111] Finished Binding: CPU user time: 1 seconds. CPU system time: 0 seconds. Elapsed time: 0.752 seconds; current allocated memory: 131.539 MB.
Execute       syn_report -verbosereport -o C:/Users/User/Desktop/UNI/DELFT/Reconfigurable_Computing/LAB/LAB_2/solution2/.autopilot/db/invstripe.verbose.bind.rpt 
Execute         list_part -family xc7z020-clg400-1 
Execute           ap_family_info -name xc7z020-clg400-1 -data names 
Execute           ap_part_info -quiet -name xc7z020-clg400-1 -data family 
Command       syn_report done; 0.153 sec.
Execute       db_write -o C:/Users/User/Desktop/UNI/DELFT/Reconfigurable_Computing/LAB/LAB_2/solution2/.autopilot/db/invstripe.bind.adb -f 
Command       db_write done; 0.104 sec.
INFO-FLOW: Finish binding invstripe.
Execute       get_model_list invstripe -filter all-wo-channel 
INFO-FLOW: Preprocessing for RTLGen ...
Execute       rtl_gen_preprocess invstripe 
INFO-FLOW: Model list for RTL generation: invstripe
INFO: [HLS 200-10] ----------------------------------------------------------------
INFO: [HLS 200-10] -- Generating RTL for module 'invstripe' 
INFO: [HLS 200-10] ----------------------------------------------------------------
Execute       create_rtl_model invstripe -top_prefix  -sub_prefix invstripe_ -mg_file C:/Users/User/Desktop/UNI/DELFT/Reconfigurable_Computing/LAB/LAB_2/solution2/.autopilot/db/invstripe.compgen.tcl 
WARNING: [RTGEN 206-101] Design contains AXI ports. Reset is fixed to synchronous and active low.
INFO: [RTGEN 206-500] Setting interface mode on port 'invstripe/src_V_data_V' to 'axis' (register, both mode).
INFO: [RTGEN 206-500] Setting interface mode on port 'invstripe/src_V_keep_V' to 'axis' (register, both mode).
INFO: [RTGEN 206-500] Setting interface mode on port 'invstripe/src_V_strb_V' to 'axis' (register, both mode).
INFO: [RTGEN 206-500] Setting interface mode on port 'invstripe/src_V_user_V' to 'axis' (register, both mode).
INFO: [RTGEN 206-500] Setting interface mode on port 'invstripe/src_V_last_V' to 'axis' (register, both mode).
INFO: [RTGEN 206-500] Setting interface mode on port 'invstripe/src_V_id_V' to 'axis' (register, both mode).
INFO: [RTGEN 206-500] Setting interface mode on port 'invstripe/src_V_dest_V' to 'axis' (register, both mode).
INFO: [RTGEN 206-500] Setting interface mode on port 'invstripe/dst_V_data_V' to 'axis' (register, both mode).
INFO: [RTGEN 206-500] Setting interface mode on port 'invstripe/dst_V_keep_V' to 'axis' (register, both mode).
INFO: [RTGEN 206-500] Setting interface mode on port 'invstripe/dst_V_strb_V' to 'axis' (register, both mode).
INFO: [RTGEN 206-500] Setting interface mode on port 'invstripe/dst_V_user_V' to 'axis' (register, both mode).
INFO: [RTGEN 206-500] Setting interface mode on port 'invstripe/dst_V_last_V' to 'axis' (register, both mode).
INFO: [RTGEN 206-500] Setting interface mode on port 'invstripe/dst_V_id_V' to 'axis' (register, both mode).
INFO: [RTGEN 206-500] Setting interface mode on port 'invstripe/dst_V_dest_V' to 'axis' (register, both mode).
INFO: [RTGEN 206-500] Setting interface mode on port 'invstripe/f' to 'ap_vld'.
INFO: [RTGEN 206-500] Setting interface mode on function 'invstripe' to 'ap_ctrl_none'.
WARNING: [RTGEN 206-101] Register 'y' is power-on initialization.
WARNING: [RTGEN 206-101] Register 'x' is power-on initialization.
WARNING: [RTGEN 206-101] Register 'first_r' is power-on initialization.
WARNING: [RTGEN 206-101] Register 'last_r' is power-on initialization.
WARNING: [RTGEN 206-101] Register 'first_g' is power-on initialization.
WARNING: [RTGEN 206-101] Register 'last_g' is power-on initialization.
WARNING: [RTGEN 206-101] Register 'first_b' is power-on initialization.
WARNING: [RTGEN 206-101] Register 'last_b' is power-on initialization.
INFO: [SYN 201-210] Renamed object name 'invstripe_stream_stream_axis_ap_uint_32_1ul_1ul_1ul_0_float_hist_1_RAM_AUTO_1R1W' to 'invstripe_stream_stream_axis_ap_uint_32_1ul_1ul_1ul_0_float_hist_1_RAM_AUTO_1bkb' due to the length limit 80
INFO: [SYN 201-210] Renamed object name 'invstripe_stream_stream_axis_ap_uint_32_1ul_1ul_1ul_0_float_hist_2_RAM_AUTO_1R1W' to 'invstripe_stream_stream_axis_ap_uint_32_1ul_1ul_1ul_0_float_hist_2_RAM_AUTO_1cud' due to the length limit 80
WARNING: [RTGEN 206-101] Register 'scale_r' is power-on initialization.
WARNING: [RTGEN 206-101] Register 'scale_g' is power-on initialization.
WARNING: [RTGEN 206-101] Register 'scale_b' is power-on initialization.
WARNING: [RTGEN 206-101] Register 'threshold' is power-on initialization.
WARNING: [RTGEN 206-101] Register 'stop' is power-on initialization.
WARNING: [RTGEN 206-101] Register 'max' is power-on initialization.
INFO: [HLS 200-1030] Apply Unified Pipeline Control on module 'invstripe' pipeline 'invstripe' pipeline type 'function pipeline'
INFO: [RTGEN 206-100] Generating core module 'fmul_32ns_32ns_32_5_max_dsp_1': 1 instance(s).
INFO: [RTGEN 206-100] Generating core module 'fsub_32ns_32ns_32_9_full_dsp_1': 1 instance(s).
INFO: [RTGEN 206-100] Generating core module 'sdiv_9ns_9ns_9_13_1': 3 instance(s).
INFO: [RTGEN 206-100] Generating core module 'sitofp_32ns_32_7_no_dsp_1': 1 instance(s).
INFO: [RTGEN 206-100] Generating core module 'uitofp_32ns_32_7_no_dsp_1': 1 instance(s).
INFO: [RTGEN 206-100] Finished creating RTL model for 'invstripe'.
INFO: [RTMG 210-278] Implementing memory 'invstripe_invstripe_stream_stream_axis_ap_uint_32_1ul_1ul_1ul_0_float_hist_RAM_AUTO_1R1W_ram' using auto RAMs.
Command       create_rtl_model done; 0.357 sec.
INFO: [HLS 200-111] Finished Creating RTL model: CPU user time: 0 seconds. CPU system time: 0 seconds. Elapsed time: 0.633 seconds; current allocated memory: 137.305 MB.
Execute       source C:/Users/User/Desktop/UNI/DELFT/Reconfigurable_Computing/LAB/LAB_2/solution2/.autopilot/db/invstripe.rtl_wrap.cfg.tcl 
Execute       gen_rtl invstripe -istop -style xilinx -f -lang vhdl -o C:/Users/User/Desktop/UNI/DELFT/Reconfigurable_Computing/LAB/LAB_2/solution2/syn/vhdl/invstripe 
Command       gen_rtl done; 0.336 sec.
Execute       gen_rtl invstripe -istop -style xilinx -f -lang vlog -o C:/Users/User/Desktop/UNI/DELFT/Reconfigurable_Computing/LAB/LAB_2/solution2/syn/verilog/invstripe 
Command       gen_rtl done; 0.15 sec.
Execute       syn_report -csynth -model invstripe -o C:/Users/User/Desktop/UNI/DELFT/Reconfigurable_Computing/LAB/LAB_2/solution2/syn/report/invstripe_csynth.rpt 
Execute         list_part -family xc7z020-clg400-1 
Execute           ap_family_info -name xc7z020-clg400-1 -data names 
Execute           ap_part_info -quiet -name xc7z020-clg400-1 -data family 
Command       syn_report done; 0.128 sec.
Execute       syn_report -rtlxml -model invstripe -o C:/Users/User/Desktop/UNI/DELFT/Reconfigurable_Computing/LAB/LAB_2/solution2/syn/report/invstripe_csynth.xml 
Execute         list_part -family xc7z020-clg400-1 
Execute           ap_family_info -name xc7z020-clg400-1 -data names 
Execute           ap_part_info -quiet -name xc7z020-clg400-1 -data family 
Command       syn_report done; 0.119 sec.
Execute       syn_report -verbosereport -model invstripe -o C:/Users/User/Desktop/UNI/DELFT/Reconfigurable_Computing/LAB/LAB_2/solution2/.autopilot/db/invstripe.verbose.rpt 
Execute         list_part -family xc7z020-clg400-1 
Execute           ap_family_info -name xc7z020-clg400-1 -data names 
Execute           ap_part_info -quiet -name xc7z020-clg400-1 -data family 
Command       syn_report done; 0.357 sec.
Execute       db_write -model invstripe -f -o C:/Users/User/Desktop/UNI/DELFT/Reconfigurable_Computing/LAB/LAB_2/solution2/.autopilot/db/invstripe.adb 
Command       db_write done; 0.35 sec.
Execute       db_write -model invstripe -bindview -o C:/Users/User/Desktop/UNI/DELFT/Reconfigurable_Computing/LAB/LAB_2/solution2/.autopilot/db/design.bindinfo.xml 
Execute       gen_tb_info invstripe -p C:/Users/User/Desktop/UNI/DELFT/Reconfigurable_Computing/LAB/LAB_2/solution2/.autopilot/db -o C:/Users/User/Desktop/UNI/DELFT/Reconfigurable_Computing/LAB/LAB_2/solution2/.autopilot/db/invstripe 
Execute       export_constraint_db -f -tool general -o C:/Users/User/Desktop/UNI/DELFT/Reconfigurable_Computing/LAB/LAB_2/solution2/.autopilot/db/invstripe.constraint.tcl 
Execute       syn_report -designview -model invstripe -o C:/Users/User/Desktop/UNI/DELFT/Reconfigurable_Computing/LAB/LAB_2/solution2/.autopilot/db/invstripe.design.xml 
Command       syn_report done; 0.225 sec.
Execute       syn_report -csynthDesign -model invstripe -o C:/Users/User/Desktop/UNI/DELFT/Reconfigurable_Computing/LAB/LAB_2/solution2/syn/report/csynth.rpt -MHOut C:/Users/User/Desktop/UNI/DELFT/Reconfigurable_Computing/LAB/LAB_2/solution2/.autopilot/db/kernel_module_hierarchy.tcl 
Execute         list_part -family xc7z020-clg400-1 
Execute           ap_family_info -name xc7z020-clg400-1 -data names 
Execute           ap_part_info -quiet -name xc7z020-clg400-1 -data family 
Execute       syn_report -wcfg -model invstripe -o C:/Users/User/Desktop/UNI/DELFT/Reconfigurable_Computing/LAB/LAB_2/solution2/.autopilot/db/invstripe_dataflow_ana.wcfg 
Execute       syn_report -protoinst -model invstripe -o C:/Users/User/Desktop/UNI/DELFT/Reconfigurable_Computing/LAB/LAB_2/solution2/.autopilot/db/invstripe.protoinst 
Execute       sc_get_clocks invstripe 
Execute       sc_get_portdomain invstripe 
INFO-FLOW: Model list for RTL component generation: invstripe
INFO-FLOW: Handling components in module [invstripe] ... 
Execute       source C:/Users/User/Desktop/UNI/DELFT/Reconfigurable_Computing/LAB/LAB_2/solution2/.autopilot/db/invstripe.compgen.tcl 
INFO-FLOW: Found component invstripe_fsub_32ns_32ns_32_9_full_dsp_1.
INFO-FLOW: Append model invstripe_fsub_32ns_32ns_32_9_full_dsp_1
INFO-FLOW: Found component invstripe_fmul_32ns_32ns_32_5_max_dsp_1.
INFO-FLOW: Append model invstripe_fmul_32ns_32ns_32_5_max_dsp_1
INFO-FLOW: Found component invstripe_uitofp_32ns_32_7_no_dsp_1.
INFO-FLOW: Append model invstripe_uitofp_32ns_32_7_no_dsp_1
INFO-FLOW: Found component invstripe_sitofp_32ns_32_7_no_dsp_1.
INFO-FLOW: Append model invstripe_sitofp_32ns_32_7_no_dsp_1
INFO-FLOW: Found component invstripe_sdiv_9ns_9ns_9_13_1.
INFO-FLOW: Append model invstripe_sdiv_9ns_9ns_9_13_1
INFO-FLOW: Found component invstripe_invstripe_stream_stream_axis_ap_uint_32_1ul_1ul_1ul_0_float_hist_RAM_AUTO_1R1W.
INFO-FLOW: Append model invstripe_invstripe_stream_stream_axis_ap_uint_32_1ul_1ul_1ul_0_float_hist_RAM_AUTO_1R1W
INFO-FLOW: Found component invstripe_regslice_both.
INFO-FLOW: Append model invstripe_regslice_both
INFO-FLOW: Found component invstripe_regslice_both.
INFO-FLOW: Append model invstripe_regslice_both
INFO-FLOW: Found component invstripe_regslice_both.
INFO-FLOW: Append model invstripe_regslice_both
INFO-FLOW: Found component invstripe_regslice_both.
INFO-FLOW: Append model invstripe_regslice_both
INFO-FLOW: Found component invstripe_regslice_both.
INFO-FLOW: Append model invstripe_regslice_both
INFO-FLOW: Found component invstripe_regslice_both.
INFO-FLOW: Append model invstripe_regslice_both
INFO-FLOW: Found component invstripe_regslice_both.
INFO-FLOW: Append model invstripe_regslice_both
INFO-FLOW: Found component invstripe_regslice_both.
INFO-FLOW: Append model invstripe_regslice_both
INFO-FLOW: Found component invstripe_regslice_both.
INFO-FLOW: Append model invstripe_regslice_both
INFO-FLOW: Found component invstripe_regslice_both.
INFO-FLOW: Append model invstripe_regslice_both
INFO-FLOW: Found component invstripe_regslice_both.
INFO-FLOW: Append model invstripe_regslice_both
INFO-FLOW: Found component invstripe_regslice_both.
INFO-FLOW: Append model invstripe_regslice_both
INFO-FLOW: Found component invstripe_regslice_both.
INFO-FLOW: Append model invstripe_regslice_both
INFO-FLOW: Found component invstripe_regslice_both.
INFO-FLOW: Append model invstripe_regslice_both
INFO-FLOW: Append model invstripe
INFO-FLOW: Generating RTL model list ...
INFO-FLOW: All models in this session: invstripe_fsub_32ns_32ns_32_9_full_dsp_1 invstripe_fmul_32ns_32ns_32_5_max_dsp_1 invstripe_uitofp_32ns_32_7_no_dsp_1 invstripe_sitofp_32ns_32_7_no_dsp_1 invstripe_sdiv_9ns_9ns_9_13_1 invstripe_invstripe_stream_stream_axis_ap_uint_32_1ul_1ul_1ul_0_float_hist_RAM_AUTO_1R1W invstripe_regslice_both invstripe_regslice_both invstripe_regslice_both invstripe_regslice_both invstripe_regslice_both invstripe_regslice_both invstripe_regslice_both invstripe_regslice_both invstripe_regslice_both invstripe_regslice_both invstripe_regslice_both invstripe_regslice_both invstripe_regslice_both invstripe_regslice_both invstripe
INFO-FLOW: Generating C:/Users/User/Desktop/UNI/DELFT/Reconfigurable_Computing/LAB/LAB_2/solution2/.autopilot/db/autopilot.rtl.models.txt file...
INFO-FLOW: To file: write model invstripe_fsub_32ns_32ns_32_9_full_dsp_1
INFO-FLOW: To file: write model invstripe_fmul_32ns_32ns_32_5_max_dsp_1
INFO-FLOW: To file: write model invstripe_uitofp_32ns_32_7_no_dsp_1
INFO-FLOW: To file: write model invstripe_sitofp_32ns_32_7_no_dsp_1
INFO-FLOW: To file: write model invstripe_sdiv_9ns_9ns_9_13_1
INFO-FLOW: To file: write model invstripe_invstripe_stream_stream_axis_ap_uint_32_1ul_1ul_1ul_0_float_hist_RAM_AUTO_1R1W
INFO-FLOW: To file: write model invstripe_regslice_both
INFO-FLOW: To file: write model invstripe_regslice_both
INFO-FLOW: To file: write model invstripe_regslice_both
INFO-FLOW: To file: write model invstripe_regslice_both
INFO-FLOW: To file: write model invstripe_regslice_both
INFO-FLOW: To file: write model invstripe_regslice_both
INFO-FLOW: To file: write model invstripe_regslice_both
INFO-FLOW: To file: write model invstripe_regslice_both
INFO-FLOW: To file: write model invstripe_regslice_both
INFO-FLOW: To file: write model invstripe_regslice_both
INFO-FLOW: To file: write model invstripe_regslice_both
INFO-FLOW: To file: write model invstripe_regslice_both
INFO-FLOW: To file: write model invstripe_regslice_both
INFO-FLOW: To file: write model invstripe_regslice_both
INFO-FLOW: To file: write model invstripe
INFO-FLOW: Generating C:/Users/User/Desktop/UNI/DELFT/Reconfigurable_Computing/LAB/LAB_2/solution2/.autopilot/db/autopilot.rtl.models.tcl file...
INFO-FLOW: Finished generating RTL model list.


INFO-FLOW: RTL Generation done.
INFO-FLOW: CAS Generation done.
INFO-FLOW: CBC Generation done.
INFO-FLOW: DBG:PROC: ::AESL_AUTOMG::auto_generate_csynth_design
INFO-FLOW: DBG:PUTS: read_platform_lib C:/Users/User/Desktop/UNI/DELFT/Reconfigurable_Computing/LAB/LAB_2/solution2/.autopilot/db/global.setting.tcl
Execute       source C:/Xilinx/Vitis_HLS/2023.1/common/technology/generic/autopilot/common.gen 
Execute         source C:/Xilinx/Vitis_HLS/2023.1/common/technology/generic/autopilot/APCoreGen.gen 
Execute       source C:/Xilinx/Vitis_HLS/2023.1/common/technology/generic/autopilot/op.gen 
Execute       source C:/Xilinx/Vitis_HLS/2023.1/common/technology/generic/autopilot/op_simcore.gen 
Execute       source C:/Xilinx/Vitis_HLS/2023.1/common/technology/generic/autopilot/interface.gen 
Execute       source C:/Users/User/Desktop/UNI/DELFT/Reconfigurable_Computing/LAB/LAB_2/solution2/.autopilot/db/global.setting.tcl 
Execute       source C:/Xilinx/Vitis_HLS/2023.1/common/technology/xilinx/common/xilinx.gen 
Execute         source C:/Xilinx/Vitis_HLS/2023.1/common/technology/xilinx/interface/plb46.gen 
Execute         source C:/Xilinx/Vitis_HLS/2023.1/common/technology/xilinx/interface/axi4.gen 
Execute         source C:/Xilinx/Vitis_HLS/2023.1/common/technology/xilinx/interface/nativeAXI4.gen 
Execute           source C:/Xilinx/Vitis_HLS/2023.1/common/technology/xilinx/interface/saxilite.gen 
Execute         source C:/Xilinx/Vitis_HLS/2023.1/common/technology/xilinx/scripts/xilinxcoregen.gen 
Execute         source C:/Xilinx/Vitis_HLS/2023.1/common/technology/xilinx/interface/XilEDKCoreGen.gen 
Execute         source C:/Xilinx/Vitis_HLS/2023.1/common/technology/xilinx/ip/dds_compiler.gen 
Execute         source C:/Xilinx/Vitis_HLS/2023.1/common/technology/xilinx/ip/util.gen 
Execute         source C:/Xilinx/Vitis_HLS/2023.1/common/technology/xilinx/ip/xfft.gen 
Command         ap_source done; 0.104 sec.
Execute         source C:/Xilinx/Vitis_HLS/2023.1/common/technology/xilinx/ip/xfir.gen 
Execute         source C:/Xilinx/Vitis_HLS/2023.1/common/technology/xilinx/DSP48/dsp48.gen 
Command       ap_source done; 0.144 sec.
INFO-FLOW: DBG:PUTS:   using AESL_AUTOCG::g_clock_period=7 (was NA)
INFO-FLOW: DBG:PROC: ::AESL_AUTOMG::generate_ip_cores gen_sim_model='1' gen_fp_models='0' gen_for_export='0' dstSCDir='' dstVhdlDir='C:/Users/User/Desktop/UNI/DELFT/Reconfigurable_Computing/LAB/LAB_2/solution2/.autopilot/db/vhdl' dstVlogDir='C:/Users/User/Desktop/UNI/DELFT/Reconfigurable_Computing/LAB/LAB_2/solution2/.autopilot/db/vlog' tclDir='C:/Users/User/Desktop/UNI/DELFT/Reconfigurable_Computing/LAB/LAB_2/solution2/.autopilot/db' modelList='invstripe_fsub_32ns_32ns_32_9_full_dsp_1
invstripe_fmul_32ns_32ns_32_5_max_dsp_1
invstripe_uitofp_32ns_32_7_no_dsp_1
invstripe_sitofp_32ns_32_7_no_dsp_1
invstripe_sdiv_9ns_9ns_9_13_1
invstripe_invstripe_stream_stream_axis_ap_uint_32_1ul_1ul_1ul_0_float_hist_RAM_AUTO_1R1W
invstripe_regslice_both
invstripe_regslice_both
invstripe_regslice_both
invstripe_regslice_both
invstripe_regslice_both
invstripe_regslice_both
invstripe_regslice_both
invstripe_regslice_both
invstripe_regslice_both
invstripe_regslice_both
invstripe_regslice_both
invstripe_regslice_both
invstripe_regslice_both
invstripe_regslice_both
invstripe
' expOnly='0'
Execute       source C:/Users/User/Desktop/UNI/DELFT/Reconfigurable_Computing/LAB/LAB_2/solution2/.autopilot/db/global.setting.tcl 
Execute       ap_part_info -name xc7z020-clg400-1 -data names -quiet 
Execute       ap_part_info -name xc7z020-clg400-1 -data info -quiet 
Execute       source C:/Users/User/Desktop/UNI/DELFT/Reconfigurable_Computing/LAB/LAB_2/solution2/.autopilot/db/global.setting.tcl 
Execute       source C:/Users/User/Desktop/UNI/DELFT/Reconfigurable_Computing/LAB/LAB_2/solution2/.autopilot/db/global.setting.tcl 
Execute       source C:/Users/User/Desktop/UNI/DELFT/Reconfigurable_Computing/LAB/LAB_2/solution2/.autopilot/db/invstripe.compgen.tcl 
INFO: [HLS 200-111] Finished Generating all RTL models: CPU user time: 2 seconds. CPU system time: 1 seconds. Elapsed time: 3.386 seconds; current allocated memory: 148.629 MB.
INFO-FLOW: DBG:PROC: ::HLSREPORTS::create_csynth_xml bind_info_var='bind_info' RtlSubPrefix='invstripe_' outfile=''
INFO-FLOW: Running: create_csynth_xml read xml data
INFO-FLOW: Done: create_csynth_xml read xml data time: 0 seconds per iteration
INFO-FLOW: Running: create_csynth_xml bind info
INFO-FLOW: Done: create_csynth_xml bind info time: 0 seconds per iteration
INFO-FLOW: Running: create_csynth_xml config info
INFO-FLOW: Done: create_csynth_xml config info time: 0.7 seconds per iteration
INFO-FLOW: Running: create_csynth_xml write xml
INFO-FLOW: Done: create_csynth_xml write xml time: 0 seconds per iteration
INFO-FLOW: DBG:PUTS:      create_csynth_xml wrote csynth_xml=C:/Users/User/Desktop/UNI/DELFT/Reconfigurable_Computing/LAB/LAB_2/solution2/syn/report/csynth.xml
INFO-FLOW: DBG:PROC: ::AP::DESIGN_DATA::generate_json generate_bd_files='0' generate_xo_files='0' modelList='invstripe_fsub_32ns_32ns_32_9_full_dsp_1
invstripe_fmul_32ns_32ns_32_5_max_dsp_1
invstripe_uitofp_32ns_32_7_no_dsp_1
invstripe_sitofp_32ns_32_7_no_dsp_1
invstripe_sdiv_9ns_9ns_9_13_1
invstripe_invstripe_stream_stream_axis_ap_uint_32_1ul_1ul_1ul_0_float_hist_RAM_AUTO_1R1W
invstripe_regslice_both
invstripe_regslice_both
invstripe_regslice_both
invstripe_regslice_both
invstripe_regslice_both
invstripe_regslice_both
invstripe_regslice_both
invstripe_regslice_both
invstripe_regslice_both
invstripe_regslice_both
invstripe_regslice_both
invstripe_regslice_both
invstripe_regslice_both
invstripe_regslice_both
invstripe
' rtl_lang='both' bootstrap_tcl='false' outdir='' outfilename=''
Execute       source C:/Users/User/Desktop/UNI/DELFT/Reconfigurable_Computing/LAB/LAB_2/solution2/.autopilot/db/global.setting.tcl 
Execute       source C:/Users/User/Desktop/UNI/DELFT/Reconfigurable_Computing/LAB/LAB_2/solution2/.autopilot/db/global.setting.tcl 
Execute       source C:/Users/User/Desktop/UNI/DELFT/Reconfigurable_Computing/LAB/LAB_2/solution2/.autopilot/db/top-io-be.tcl 
Execute       source C:/Users/User/Desktop/UNI/DELFT/Reconfigurable_Computing/LAB/LAB_2/solution2/.autopilot/db/invstripe.tbgen.tcl 
Execute       source C:/Users/User/Desktop/UNI/DELFT/Reconfigurable_Computing/LAB/LAB_2/solution2/.autopilot/db/invstripe.rtl_wrap.cfg.tcl 
Execute       source C:/Users/User/Desktop/UNI/DELFT/Reconfigurable_Computing/LAB/LAB_2/solution2/.autopilot/db/invstripe.compgen.dataonly.tcl 
Execute       source C:/Users/User/Desktop/UNI/DELFT/Reconfigurable_Computing/LAB/LAB_2/solution2/.autopilot/db/invstripe.tbgen.tcl 
Execute       source C:/Users/User/Desktop/UNI/DELFT/Reconfigurable_Computing/LAB/LAB_2/solution2/.autopilot/db/global.setting.tcl 
Execute       ap_part_info -name xc7z020-clg400-1 -data names -quiet 
Execute       ap_part_info -name xc7z020-clg400-1 -data info -quiet 
Execute       source C:/Users/User/Desktop/UNI/DELFT/Reconfigurable_Computing/LAB/LAB_2/solution2/.autopilot/db/invstripe.constraint.tcl 
Execute       sc_get_clocks invstripe 
Execute       source C:/Users/User/Desktop/UNI/DELFT/Reconfigurable_Computing/LAB/LAB_2/solution2/.autopilot/db/global.setting.tcl 
Execute       source C:/Users/User/Desktop/UNI/DELFT/Reconfigurable_Computing/LAB/LAB_2/solution2/impl/misc/invstripe_fmul_32ns_32ns_32_5_max_dsp_1_ip.tcl 
Execute       source C:/Users/User/Desktop/UNI/DELFT/Reconfigurable_Computing/LAB/LAB_2/solution2/impl/misc/invstripe_fsub_32ns_32ns_32_9_full_dsp_1_ip.tcl 
Execute       source C:/Users/User/Desktop/UNI/DELFT/Reconfigurable_Computing/LAB/LAB_2/solution2/impl/misc/invstripe_sitofp_32ns_32_7_no_dsp_1_ip.tcl 
Execute       source C:/Users/User/Desktop/UNI/DELFT/Reconfigurable_Computing/LAB/LAB_2/solution2/impl/misc/invstripe_uitofp_32ns_32_7_no_dsp_1_ip.tcl 
INFO-FLOW: DBG:PROC: ::HLSREPORTS::add_csynth_report_sections bind_info_dict='adapter_nodes {} report_dict {TOPINST invstripe MODULE2INSTS {invstripe invstripe} INST2MODULE {invstripe invstripe} INSTDATA {invstripe {DEPTH 1 CHILDREN {}}} MODULEDATA {invstripe {BINDINFO {{BINDTYPE op ID {} IMPL fabric LATENCY 0 OPTYPE add PRAGMA {} RTLNAME add_ln68_fu_991_p2 SOURCE PYNQ-Z2/hls/invstripe.cpp:68 VARIABLE add_ln68 LOOP {} BUNDLEDNAME {} DSP 0 BRAM 0 URAM 0 DISPNAME {bind_op add}} {BINDTYPE op ID {} IMPL fabric LATENCY 0 OPTYPE add PRAGMA {} RTLNAME add_ln69_fu_998_p2 SOURCE PYNQ-Z2/hls/invstripe.cpp:69 VARIABLE add_ln69 LOOP {} BUNDLEDNAME {} DSP 0 BRAM 0 URAM 0 DISPNAME {bind_op add}} {BINDTYPE op ID {} IMPL fabric LATENCY 0 OPTYPE add PRAGMA {} RTLNAME add_ln70_fu_1005_p2 SOURCE PYNQ-Z2/hls/invstripe.cpp:70 VARIABLE add_ln70 LOOP {} BUNDLEDNAME {} DSP 0 BRAM 0 URAM 0 DISPNAME {bind_op add}} {BINDTYPE op ID {} IMPL maxdsp LATENCY 4 OPTYPE fmul PRAGMA {} RTLNAME fmul_32ns_32ns_32_5_max_dsp_1_U2 SOURCE PYNQ-Z2/hls/invstripe.cpp:74 VARIABLE mul LOOP {} BUNDLEDNAME {} DSP 3 BRAM 0 URAM 0 DISPNAME {bind_op fmul}} {BINDTYPE op ID {} IMPL fulldsp LATENCY 8 OPTYPE fsub PRAGMA {} RTLNAME fsub_32ns_32ns_32_9_full_dsp_1_U1 SOURCE PYNQ-Z2/hls/invstripe.cpp:74 VARIABLE sub LOOP {} BUNDLEDNAME {} DSP 2 BRAM 0 URAM 0 DISPNAME {bind_op fsub}} {BINDTYPE op ID {} IMPL fabric LATENCY 0 OPTYPE add PRAGMA {} RTLNAME add_ln346_1_fu_1715_p2 SOURCE {C:\scratch\2023.1\hls_product\1026\2023.1\src\shared\hls\clib/src/hls\utils/x_hls_utils.h:346} VARIABLE add_ln346_1 LOOP {} BUNDLEDNAME {} DSP 0 BRAM 0 URAM 0 DISPNAME {bind_op add}} {BINDTYPE op ID {} IMPL fabric LATENCY 0 OPTYPE sub PRAGMA {} RTLNAME sub_ln71_1_fu_1729_p2 SOURCE {C:\scratch\2023.1\hls_product\1026\2023.1\src\shared\hls\clib/hlsmath/include/FloatingPoint\hls_case_IEEE754.h:71} VARIABLE sub_ln71_1 LOOP {} BUNDLEDNAME {} DSP 0 BRAM 0 URAM 0 DISPNAME {bind_op sub}} {BINDTYPE op ID {} IMPL maxdsp LATENCY 4 OPTYPE fmul PRAGMA {} RTLNAME fmul_32ns_32ns_32_5_max_dsp_1_U2 SOURCE PYNQ-Z2/hls/invstripe.cpp:75 VARIABLE mul1 LOOP {} BUNDLEDNAME {} DSP 3 BRAM 0 URAM 0 DISPNAME {bind_op fmul}} {BINDTYPE op ID {} IMPL fulldsp LATENCY 8 OPTYPE fsub PRAGMA {} RTLNAME fsub_32ns_32ns_32_9_full_dsp_1_U1 SOURCE PYNQ-Z2/hls/invstripe.cpp:75 VARIABLE sub1 LOOP {} BUNDLEDNAME {} DSP 2 BRAM 0 URAM 0 DISPNAME {bind_op fsub}} {BINDTYPE op ID {} IMPL fabric LATENCY 0 OPTYPE add PRAGMA {} RTLNAME add_ln346_2_fu_1869_p2 SOURCE {C:\scratch\2023.1\hls_product\1026\2023.1\src\shared\hls\clib/src/hls\utils/x_hls_utils.h:346} VARIABLE add_ln346_2 LOOP {} BUNDLEDNAME {} DSP 0 BRAM 0 URAM 0 DISPNAME {bind_op add}} {BINDTYPE op ID {} IMPL fabric LATENCY 0 OPTYPE sub PRAGMA {} RTLNAME sub_ln71_2_fu_1883_p2 SOURCE {C:\scratch\2023.1\hls_product\1026\2023.1\src\shared\hls\clib/hlsmath/include/FloatingPoint\hls_case_IEEE754.h:71} VARIABLE sub_ln71_2 LOOP {} BUNDLEDNAME {} DSP 0 BRAM 0 URAM 0 DISPNAME {bind_op sub}} {BINDTYPE op ID {} IMPL maxdsp LATENCY 4 OPTYPE fmul PRAGMA {} RTLNAME fmul_32ns_32ns_32_5_max_dsp_1_U2 SOURCE PYNQ-Z2/hls/invstripe.cpp:76 VARIABLE mul2 LOOP {} BUNDLEDNAME {} DSP 3 BRAM 0 URAM 0 DISPNAME {bind_op fmul}} {BINDTYPE op ID {} IMPL fulldsp LATENCY 8 OPTYPE fsub PRAGMA {} RTLNAME fsub_32ns_32ns_32_9_full_dsp_1_U1 SOURCE PYNQ-Z2/hls/invstripe.cpp:76 VARIABLE sub2 LOOP {} BUNDLEDNAME {} DSP 2 BRAM 0 URAM 0 DISPNAME {bind_op fsub}} {BINDTYPE op ID {} IMPL fabric LATENCY 0 OPTYPE add PRAGMA {} RTLNAME add_ln346_3_fu_2008_p2 SOURCE {C:\scratch\2023.1\hls_product\1026\2023.1\src\shared\hls\clib/src/hls\utils/x_hls_utils.h:346} VARIABLE add_ln346_3 LOOP {} BUNDLEDNAME {} DSP 0 BRAM 0 URAM 0 DISPNAME {bind_op add}} {BINDTYPE op ID {} IMPL fabric LATENCY 0 OPTYPE sub PRAGMA {} RTLNAME sub_ln71_3_fu_2022_p2 SOURCE {C:\scratch\2023.1\hls_product\1026\2023.1\src\shared\hls\clib/hlsmath/include/FloatingPoint\hls_case_IEEE754.h:71} VARIABLE sub_ln71_3 LOOP {} BUNDLEDNAME {} DSP 0 BRAM 0 URAM 0 DISPNAME {bind_op sub}} {BINDTYPE op ID {} IMPL fabric LATENCY 0 OPTYPE add PRAGMA {} RTLNAME add_ln87_fu_1016_p2 SOURCE PYNQ-Z2/hls/invstripe.cpp:87 VARIABLE add_ln87 LOOP {} BUNDLEDNAME {} DSP 0 BRAM 0 URAM 0 DISPNAME {bind_op add}} {BINDTYPE op ID {} IMPL maxdsp LATENCY 4 OPTYPE fmul PRAGMA {} RTLNAME fmul_32ns_32ns_32_5_max_dsp_1_U2 SOURCE PYNQ-Z2/hls/invstripe.cpp:93 VARIABLE dc LOOP {} BUNDLEDNAME {} DSP 3 BRAM 0 URAM 0 DISPNAME {bind_op fmul}} {BINDTYPE op ID {} IMPL fabric LATENCY 0 OPTYPE add PRAGMA {} RTLNAME add_ln346_fu_1140_p2 SOURCE {C:\scratch\2023.1\hls_product\1026\2023.1\src\shared\hls\clib/src/hls\utils/x_hls_utils.h:346} VARIABLE add_ln346 LOOP {} BUNDLEDNAME {} DSP 0 BRAM 0 URAM 0 DISPNAME {bind_op add}} {BINDTYPE op ID {} IMPL fabric LATENCY 0 OPTYPE sub PRAGMA {} RTLNAME sub_ln71_fu_1154_p2 SOURCE {C:\scratch\2023.1\hls_product\1026\2023.1\src\shared\hls\clib/hlsmath/include/FloatingPoint\hls_case_IEEE754.h:71} VARIABLE sub_ln71 LOOP {} BUNDLEDNAME {} DSP 0 BRAM 0 URAM 0 DISPNAME {bind_op sub}} {BINDTYPE op ID {} IMPL fabric LATENCY 0 OPTYPE add PRAGMA {} RTLNAME add_ln100_fu_1212_p2 SOURCE PYNQ-Z2/hls/invstripe.cpp:100 VARIABLE add_ln100 LOOP {} BUNDLEDNAME {} DSP 0 BRAM 0 URAM 0 DISPNAME {bind_op add}} {BINDTYPE op ID {} IMPL fabric LATENCY 0 OPTYPE add PRAGMA {} RTLNAME grp_fu_830_p2 SOURCE PYNQ-Z2/hls/invstripe.cpp:104 VARIABLE add_ln104 LOOP {} BUNDLEDNAME {} DSP 0 BRAM 0 URAM 0 DISPNAME {bind_op add}} {BINDTYPE op ID {} IMPL fabric LATENCY 0 OPTYPE add PRAGMA {} RTLNAME add_ln108_fu_1274_p2 SOURCE PYNQ-Z2/hls/invstripe.cpp:108 VARIABLE add_ln108 LOOP {} BUNDLEDNAME {} DSP 0 BRAM 0 URAM 0 DISPNAME {bind_op add}} {BINDTYPE op ID {} IMPL fabric LATENCY 0 OPTYPE add PRAGMA {} RTLNAME grp_fu_830_p2 SOURCE PYNQ-Z2/hls/invstripe.cpp:114 VARIABLE add_ln114 LOOP {} BUNDLEDNAME {} DSP 0 BRAM 0 URAM 0 DISPNAME {bind_op add}} {BINDTYPE op ID {} IMPL fabric LATENCY 0 OPTYPE add PRAGMA {} RTLNAME grp_fu_830_p2 SOURCE PYNQ-Z2/hls/invstripe.cpp:125 VARIABLE add_ln125 LOOP {} BUNDLEDNAME {} DSP 0 BRAM 0 URAM 0 DISPNAME {bind_op add}} {BINDTYPE op ID {} IMPL fabric LATENCY 0 OPTYPE sub PRAGMA {} RTLNAME grp_fu_1598_p1 SOURCE PYNQ-Z2/hls/invstripe.cpp:136 VARIABLE sub_ln136 LOOP {} BUNDLEDNAME {} DSP 0 BRAM 0 URAM 0 DISPNAME {bind_op sub}} {BINDTYPE op ID {} IMPL fabric LATENCY 0 OPTYPE sub PRAGMA {} RTLNAME sub_ln137_fu_1612_p2 SOURCE PYNQ-Z2/hls/invstripe.cpp:137 VARIABLE sub_ln137 LOOP {} BUNDLEDNAME {} DSP 0 BRAM 0 URAM 0 DISPNAME {bind_op sub}} {BINDTYPE op ID {} IMPL fabric LATENCY 0 OPTYPE sub PRAGMA {} RTLNAME sub_ln138_fu_1642_p2 SOURCE PYNQ-Z2/hls/invstripe.cpp:138 VARIABLE sub_ln138 LOOP {} BUNDLEDNAME {} DSP 0 BRAM 0 URAM 0 DISPNAME {bind_op sub}} {BINDTYPE op ID {} IMPL fabric LATENCY 0 OPTYPE add PRAGMA {} RTLNAME add_ln143_fu_1296_p2 SOURCE PYNQ-Z2/hls/invstripe.cpp:143 VARIABLE add_ln143 LOOP {} BUNDLEDNAME {} DSP 0 BRAM 0 URAM 0 DISPNAME {bind_op add}} {BINDTYPE op ID {} IMPL fabric LATENCY 0 OPTYPE sub PRAGMA {} RTLNAME sub_ln145_fu_1301_p2 SOURCE PYNQ-Z2/hls/invstripe.cpp:145 VARIABLE sub_ln145 LOOP {} BUNDLEDNAME {} DSP 0 BRAM 0 URAM 0 DISPNAME {bind_op sub}} {BINDTYPE op ID {} IMPL fabric LATENCY 0 OPTYPE add PRAGMA {} RTLNAME add_ln163_fu_946_p2 SOURCE PYNQ-Z2/hls/invstripe.cpp:163 VARIABLE add_ln163 LOOP {} BUNDLEDNAME {} DSP 0 BRAM 0 URAM 0 DISPNAME {bind_op add}} {BINDTYPE op ID {} IMPL fabric LATENCY 0 OPTYPE add PRAGMA {} RTLNAME add_ln166_fu_1022_p2 SOURCE PYNQ-Z2/hls/invstripe.cpp:166 VARIABLE add_ln166 LOOP {} BUNDLEDNAME {} DSP 0 BRAM 0 URAM 0 DISPNAME {bind_op add}} {BINDTYPE storage ID {} IMPL auto LATENCY 1 OPTYPE ram_t2p PRAGMA {} RTLNAME invstripe_stream_stream_axis_ap_uint_32_1ul_1ul_1ul_0_float_hist_U SOURCE {} VARIABLE invstripe_stream_stream_axis_ap_uint_32_1ul_1ul_1ul_0_float_hist LOOP {} BUNDLEDNAME {} DSP 0 BRAM 2 URAM 0 DISPNAME {bind_storage ram_t2p}} {BINDTYPE storage ID {} IMPL auto LATENCY 1 OPTYPE ram_t2p PRAGMA {} RTLNAME invstripe_stream_stream_axis_ap_uint_32_1ul_1ul_1ul_0_float_hist_1_U SOURCE {} VARIABLE invstripe_stream_stream_axis_ap_uint_32_1ul_1ul_1ul_0_float_hist_1 LOOP {} BUNDLEDNAME {} DSP 0 BRAM 2 URAM 0 DISPNAME {bind_storage ram_t2p}} {BINDTYPE storage ID {} IMPL auto LATENCY 1 OPTYPE ram_t2p PRAGMA {} RTLNAME invstripe_stream_stream_axis_ap_uint_32_1ul_1ul_1ul_0_float_hist_2_U SOURCE {} VARIABLE invstripe_stream_stream_axis_ap_uint_32_1ul_1ul_1ul_0_float_hist_2 LOOP {} BUNDLEDNAME {} DSP 0 BRAM 2 URAM 0 DISPNAME {bind_storage ram_t2p}}} AREA {DSP 5 BRAM 6 URAM 0}}}}'
INFO-FLOW: DBG:PUTS:      update_csynth_reports json2rpt_hw_sw_interfaces
INFO-FLOW: Running: gen_csynth_sec_pragma
INFO-FLOW: Done: gen_csynth_sec_pragma time: 0.1 seconds per iteration
INFO-FLOW: DBG:PUTS:      update_csynth_reports wrote xml
INFO-FLOW: DBG:PUTS:      update_csynth_reports appended to csynth rpt file
INFO: [HLS 200-111] Finished Updating report files: CPU user time: 1 seconds. CPU system time: 1 seconds. Elapsed time: 1.152 seconds; current allocated memory: 153.449 MB.
INFO: [VHDL 208-304] Generating VHDL RTL for invstripe.
INFO: [VLOG 209-307] Generating Verilog RTL for invstripe.
Execute       syn_report -model invstripe -printsummary 
INFO: [HLS 200-789] **** Estimated Fmax: 135.24 MHz
Command     autosyn done; 7.487 sec.
Command   csynth_design done; 19.154 sec.
INFO: [HLS 200-111] Finished Command csynth_design CPU user time: 6 seconds. CPU system time: 3 seconds. Elapsed time: 19.154 seconds; current allocated memory: 69.102 MB.
Command ap_source done; 20.396 sec.
Execute cleanup_all 
