INFO: [SIM 2] *************** CSIM start ***************
INFO: [SIM 4] CSIM will launch GCC as the compiler.
   Compiling ../../../../PYNQ-Z2/hls/streamulator/axipng.cpp in debug mode
   Compiling(apcc) ../../../../PYNQ-Z2/hls/streamulator/miniz.c in debug mode
ECHO disattivato.
ECHO disattivato.
INFO: [HLS 200-10] Running 'C:/Xilinx/Vitis_HLS/2023.1/bin/unwrapped/win64.o/apcc.exe'
INFO: [HLS 200-10] For user 'User' on host 'desktop-l41rhqk' (Windows NT_amd64 version 6.2) on Sat Dec 16 18:04:54 +0100 2023
INFO: [HLS 200-10] In directory 'C:/Users/User/Desktop/UNI/DELFT/Reconfigurable_Computing/LAB/LAB_2/solution2/csim/build'
../../../../PYNQ-Z2/hls/streamulator/miniz.c:3080:17: warning: implicit declaration of function '_wfopen_s' is invalid in C99 [-Wimplicit-function-declaration]
  errno_t err = _wfopen_s(&pFile, wFilename, wMode);
                ^
../../../../PYNQ-Z2/hls/streamulator/miniz.c:3091:17: warning: implicit declaration of function '_wfreopen_s' is invalid in C99 [-Wimplicit-function-declaration]
  errno_t err = _wfreopen_s(&pFile, wPath, wMode, pStream);
                ^
2 warnings generated.
../../../../PYNQ-Z2/hls/streamulator/miniz.c:3080:17: warning: implicit declaration of function '_wfopen_s' is invalid in C99 [-Wimplicit-function-declaration]
  errno_t err = _wfopen_s(&pFile, wFilename, wMode);
                ^
../../../../PYNQ-Z2/hls/streamulator/miniz.c:3091:17: warning: implicit declaration of function '_wfreopen_s' is invalid in C99 [-Wimplicit-function-declaration]
  errno_t err = _wfreopen_s(&pFile, wPath, wMode, pStream);
                ^
2 warnings generated.
INFO: [APCC 202-3] Tmp directory is apcc_db
INFO: [APCC 202-1] APCC is done.
INFO: [HLS 200-112] Total CPU user time: 1 seconds. Total CPU system time: 1 seconds. Total elapsed time: 91.165 seconds; peak allocated memory: 0.000 MB.
   Compiling(apcc) ../../../../PYNQ-Z2/hls/streamulator/spng.c in debug mode
ECHO disattivato.
ECHO disattivato.
INFO: [HLS 200-10] Running 'C:/Xilinx/Vitis_HLS/2023.1/bin/unwrapped/win64.o/apcc.exe'
INFO: [HLS 200-10] For user 'User' on host 'desktop-l41rhqk' (Windows NT_amd64 version 6.2) on Sat Dec 16 18:06:27 +0100 2023
INFO: [HLS 200-10] In directory 'C:/Users/User/Desktop/UNI/DELFT/Reconfigurable_Computing/LAB/LAB_2/solution2/csim/build'
../../../../PYNQ-Z2/hls/streamulator/spng.c:1212:13: warning: inflateValidate() not available, SPNG_CTX_IGNORE_ADLER32 will be ignored [-W#pragma-messages]
    #pragma message ("inflateValidate() not available, SPNG_CTX_IGNORE_ADLER32 will be ignored")
            ^
1 warning generated.
../../../../PYNQ-Z2/hls/streamulator/spng.c:1212:13: warning: inflateValidate() not available, SPNG_CTX_IGNORE_ADLER32 will be ignored [-W#pragma-messages]
    #pragma message ("inflateValidate() not available, SPNG_CTX_IGNORE_ADLER32 will be ignored")
            ^
1 warning generated.
INFO: [APCC 202-3] Tmp directory is apcc_db
INFO: [APCC 202-1] APCC is done.
INFO: [HLS 200-112] Total CPU user time: 1 seconds. Total CPU system time: 1 seconds. Total elapsed time: 29.632 seconds; peak allocated memory: 5.398 MB.
   Compiling ../../../../PYNQ-Z2/hls/streamulator/streamulator.cpp in debug mode
   Compiling ../../../../PYNQ-Z2/hls/invstripe.cpp in debug mode
   Generating csim.exe
parrot.png 3
- 1
HLS delay: 0 pixels (0 lines)
INFO [HLS SIM]: The maximum depth reached by any hls::stream() instance in the design is 2764800
INFO: [SIM 1] CSim done with 0 errors.
INFO: [SIM 3] *************** CSIM finish ***************
